

Started GET "/" for 127.0.0.1 at 2014-11-19 12:50:33 +0530

ActiveRecord::PendingMigrationError (

Migrations are pending. To resolve this issue, run:

	bin/rake db:migrate RAILS_ENV=development

):
  activerecord (4.1.5) lib/active_record/migration.rb:389:in `check_pending!'
  activerecord (4.1.5) lib/active_record/migration.rb:377:in `call'
  actionpack (4.1.5) lib/action_dispatch/middleware/callbacks.rb:29:in `block in call'
  activesupport (4.1.5) lib/active_support/callbacks.rb:82:in `run_callbacks'
  actionpack (4.1.5) lib/action_dispatch/middleware/callbacks.rb:27:in `call'
  actionpack (4.1.5) lib/action_dispatch/middleware/reloader.rb:73:in `call'
  actionpack (4.1.5) lib/action_dispatch/middleware/remote_ip.rb:76:in `call'
  actionpack (4.1.5) lib/action_dispatch/middleware/debug_exceptions.rb:17:in `call'
  actionpack (4.1.5) lib/action_dispatch/middleware/show_exceptions.rb:30:in `call'
  railties (4.1.5) lib/rails/rack/logger.rb:38:in `call_app'
  railties (4.1.5) lib/rails/rack/logger.rb:20:in `block in call'
  activesupport (4.1.5) lib/active_support/tagged_logging.rb:68:in `block in tagged'
  activesupport (4.1.5) lib/active_support/tagged_logging.rb:26:in `tagged'
  activesupport (4.1.5) lib/active_support/tagged_logging.rb:68:in `tagged'
  railties (4.1.5) lib/rails/rack/logger.rb:20:in `call'
  actionpack (4.1.5) lib/action_dispatch/middleware/request_id.rb:21:in `call'
  rack (1.5.2) lib/rack/methodoverride.rb:21:in `call'
  rack (1.5.2) lib/rack/runtime.rb:17:in `call'
  activesupport (4.1.5) lib/active_support/cache/strategy/local_cache_middleware.rb:26:in `call'
  rack (1.5.2) lib/rack/lock.rb:17:in `call'
  actionpack (4.1.5) lib/action_dispatch/middleware/static.rb:64:in `call'
  rack (1.5.2) lib/rack/sendfile.rb:112:in `call'
  railties (4.1.5) lib/rails/engine.rb:514:in `call'
  railties (4.1.5) lib/rails/application.rb:144:in `call'
  rack (1.5.2) lib/rack/lock.rb:17:in `call'
  rack (1.5.2) lib/rack/content_length.rb:14:in `call'
  rack (1.5.2) lib/rack/handler/webrick.rb:60:in `service'
  /usr/lib/ruby/1.9.1/webrick/httpserver.rb:138:in `service'
  /usr/lib/ruby/1.9.1/webrick/httpserver.rb:94:in `run'
  /usr/lib/ruby/1.9.1/webrick/server.rb:191:in `block in start_thread'


  Rendered /var/lib/gems/1.9.1/gems/actionpack-4.1.5/lib/action_dispatch/middleware/templates/rescues/_source.erb (0.8ms)
  Rendered /var/lib/gems/1.9.1/gems/actionpack-4.1.5/lib/action_dispatch/middleware/templates/rescues/_trace.html.erb (1.2ms)
  Rendered /var/lib/gems/1.9.1/gems/actionpack-4.1.5/lib/action_dispatch/middleware/templates/rescues/_request_and_response.html.erb (1.1ms)
  Rendered /var/lib/gems/1.9.1/gems/actionpack-4.1.5/lib/action_dispatch/middleware/templates/rescues/diagnostics.erb within rescues/layout (50.3ms)
  [1m[36m (124.1ms)[0m  [1mCREATE TABLE "schema_migrations" ("version" varchar(255) NOT NULL) [0m
  [1m[35m (0.1ms)[0m  select sqlite_version(*)
  [1m[36m (99.6ms)[0m  [1mCREATE UNIQUE INDEX "unique_schema_migrations" ON "schema_migrations" ("version")[0m
  [1m[35mActiveRecord::SchemaMigration Load (0.2ms)[0m  SELECT "schema_migrations".* FROM "schema_migrations"
Migrating to CreateNames (20141113081650)
  [1m[36m (0.1ms)[0m  [1mbegin transaction[0m
  [1m[35m (0.4ms)[0m  CREATE TABLE "names" ("id" INTEGER PRIMARY KEY AUTOINCREMENT NOT NULL, "name" varchar(255), "created_at" datetime, "updated_at" datetime) 
  [1m[36mSQL (14.3ms)[0m  [1mINSERT INTO "schema_migrations" ("version") VALUES (?)[0m  [["version", "20141113081650"]]
  [1m[35m (98.2ms)[0m  commit transaction
Migrating to DeviseCreateUsers (20141113091636)
  [1m[36m (0.1ms)[0m  [1mbegin transaction[0m
  [1m[35m (0.4ms)[0m  CREATE TABLE "users" ("id" INTEGER PRIMARY KEY AUTOINCREMENT NOT NULL, "email" varchar(255) DEFAULT '' NOT NULL, "encrypted_password" varchar(255) DEFAULT '' NOT NULL, "reset_password_token" varchar(255), "reset_password_sent_at" datetime, "remember_created_at" datetime, "sign_in_count" integer DEFAULT 0 NOT NULL, "current_sign_in_at" datetime, "last_sign_in_at" datetime, "current_sign_in_ip" varchar(255), "last_sign_in_ip" varchar(255), "created_at" datetime, "updated_at" datetime) 
  [1m[36m (0.2ms)[0m  [1mCREATE UNIQUE INDEX "index_users_on_email" ON "users" ("email")[0m
  [1m[35m (0.1ms)[0m              SELECT sql
            FROM sqlite_master
            WHERE name='index_users_on_email' AND type='index'
            UNION ALL
            SELECT sql
            FROM sqlite_temp_master
            WHERE name='index_users_on_email' AND type='index'

  [1m[36m (0.2ms)[0m  [1mCREATE UNIQUE INDEX "index_users_on_reset_password_token" ON "users" ("reset_password_token")[0m
  [1m[35mSQL (0.1ms)[0m  INSERT INTO "schema_migrations" ("version") VALUES (?)  [["version", "20141113091636"]]
  [1m[36m (121.0ms)[0m  [1mcommit transaction[0m
Migrating to AddColumnsToUsers (20141113092207)
  [1m[35m (0.1ms)[0m  begin transaction
  [1m[36m (0.4ms)[0m  [1mALTER TABLE "users" ADD "provider" varchar(255)[0m
  [1m[35m (0.2ms)[0m  ALTER TABLE "users" ADD "uid" varchar(255)
  [1m[36mSQL (0.1ms)[0m  [1mINSERT INTO "schema_migrations" ("version") VALUES (?)[0m  [["version", "20141113092207"]]
  [1m[35m (96.9ms)[0m  commit transaction
Migrating to AddUserIdToNames (20141113143710)
  [1m[36m (0.1ms)[0m  [1mbegin transaction[0m
  [1m[35m (0.4ms)[0m  ALTER TABLE "names" ADD "user_id" integer
  [1m[36mSQL (0.2ms)[0m  [1mINSERT INTO "schema_migrations" ("version") VALUES (?)[0m  [["version", "20141113143710"]]
  [1m[35m (75.7ms)[0m  commit transaction
  [1m[36mActiveRecord::SchemaMigration Load (0.1ms)[0m  [1mSELECT "schema_migrations".* FROM "schema_migrations"[0m
  [1m[35m (0.1ms)[0m              SELECT sql
            FROM sqlite_master
            WHERE name='index_users_on_reset_password_token' AND type='index'
            UNION ALL
            SELECT sql
            FROM sqlite_temp_master
            WHERE name='index_users_on_reset_password_token' AND type='index'

  [1m[36m (0.1ms)[0m  [1m            SELECT sql
            FROM sqlite_master
            WHERE name='index_users_on_email' AND type='index'
            UNION ALL
            SELECT sql
            FROM sqlite_temp_master
            WHERE name='index_users_on_email' AND type='index'
[0m


Started GET "/" for 127.0.0.1 at 2014-11-19 12:51:18 +0530
  [1m[36mActiveRecord::SchemaMigration Load (0.2ms)[0m  [1mSELECT "schema_migrations".* FROM "schema_migrations"[0m
Processing by DashController#view as HTML
Completed 401 Unauthorized in 84ms


Started GET "/users/sign_in" for 127.0.0.1 at 2014-11-19 12:51:19 +0530
Processing by Devise::SessionsController#new as HTML
  Rendered devise/sessions/new.html.erb within layouts/application (38.3ms)
Completed 200 OK in 1869ms (Views: 1847.8ms | ActiveRecord: 0.6ms)


Started GET "/assets/contact.css?body=1" for 127.0.0.1 at 2014-11-19 12:51:21 +0530


Started GET "/assets/about.css?body=1" for 127.0.0.1 at 2014-11-19 12:51:21 +0530


Started GET "/assets/css/bootstrap.css?body=1" for 127.0.0.1 at 2014-11-19 12:51:21 +0530


Started GET "/assets/names.css?body=1" for 127.0.0.1 at 2014-11-19 12:51:21 +0530


Started GET "/assets/landing.css?body=1" for 127.0.0.1 at 2014-11-19 12:51:21 +0530


Started GET "/assets/css/bootstrap.min.css?body=1" for 127.0.0.1 at 2014-11-19 12:51:21 +0530


Started GET "/assets/scaffolds.css?body=1" for 127.0.0.1 at 2014-11-19 12:51:21 +0530


Started GET "/assets/css/business-casual.css?body=1" for 127.0.0.1 at 2014-11-19 12:51:21 +0530


Started GET "/assets/application.css?body=1" for 127.0.0.1 at 2014-11-19 12:51:21 +0530


Started GET "/assets/dash.css?body=1" for 127.0.0.1 at 2014-11-19 12:51:21 +0530


Started GET "/assets/font-awesome.css?body=1" for 127.0.0.1 at 2014-11-19 12:51:21 +0530


Started GET "/users/css/bootstrap.min.css" for 127.0.0.1 at 2014-11-19 12:51:21 +0530

ActionController::RoutingError (No route matches [GET] "/users/css/bootstrap.min.css"):
  actionpack (4.1.5) lib/action_dispatch/middleware/debug_exceptions.rb:21:in `call'
  actionpack (4.1.5) lib/action_dispatch/middleware/show_exceptions.rb:30:in `call'
  railties (4.1.5) lib/rails/rack/logger.rb:38:in `call_app'
  railties (4.1.5) lib/rails/rack/logger.rb:20:in `block in call'
  activesupport (4.1.5) lib/active_support/tagged_logging.rb:68:in `block in tagged'
  activesupport (4.1.5) lib/active_support/tagged_logging.rb:26:in `tagged'
  activesupport (4.1.5) lib/active_support/tagged_logging.rb:68:in `tagged'
  railties (4.1.5) lib/rails/rack/logger.rb:20:in `call'
  actionpack (4.1.5) lib/action_dispatch/middleware/request_id.rb:21:in `call'
  rack (1.5.2) lib/rack/methodoverride.rb:21:in `call'
  rack (1.5.2) lib/rack/runtime.rb:17:in `call'
  activesupport (4.1.5) lib/active_support/cache/strategy/local_cache_middleware.rb:26:in `call'
  rack (1.5.2) lib/rack/lock.rb:17:in `call'
  actionpack (4.1.5) lib/action_dispatch/middleware/static.rb:64:in `call'
  rack (1.5.2) lib/rack/sendfile.rb:112:in `call'
  railties (4.1.5) lib/rails/engine.rb:514:in `call'
  railties (4.1.5) lib/rails/application.rb:144:in `call'
  rack (1.5.2) lib/rack/lock.rb:17:in `call'
  rack (1.5.2) lib/rack/content_length.rb:14:in `call'
  rack (1.5.2) lib/rack/handler/webrick.rb:60:in `service'
  /usr/lib/ruby/1.9.1/webrick/httpserver.rb:138:in `service'
  /usr/lib/ruby/1.9.1/webrick/httpserver.rb:94:in `run'
  /usr/lib/ruby/1.9.1/webrick/server.rb:191:in `block in start_thread'


  Rendered /var/lib/gems/1.9.1/gems/actionpack-4.1.5/lib/action_dispatch/middleware/templates/rescues/_trace.html.erb (2.4ms)
  Rendered /var/lib/gems/1.9.1/gems/actionpack-4.1.5/lib/action_dispatch/middleware/templates/routes/_route.html.erb (3.0ms)
  Rendered /var/lib/gems/1.9.1/gems/actionpack-4.1.5/lib/action_dispatch/middleware/templates/routes/_table.html.erb (13.9ms)
  Rendered /var/lib/gems/1.9.1/gems/actionpack-4.1.5/lib/action_dispatch/middleware/templates/rescues/routing_error.html.erb within rescues/layout (94.2ms)


Started GET "/users/css/business-casual.css" for 127.0.0.1 at 2014-11-19 12:51:21 +0530

ActionController::RoutingError (No route matches [GET] "/users/css/business-casual.css"):
  actionpack (4.1.5) lib/action_dispatch/middleware/debug_exceptions.rb:21:in `call'
  actionpack (4.1.5) lib/action_dispatch/middleware/show_exceptions.rb:30:in `call'
  railties (4.1.5) lib/rails/rack/logger.rb:38:in `call_app'
  railties (4.1.5) lib/rails/rack/logger.rb:20:in `block in call'
  activesupport (4.1.5) lib/active_support/tagged_logging.rb:68:in `block in tagged'
  activesupport (4.1.5) lib/active_support/tagged_logging.rb:26:in `tagged'
  activesupport (4.1.5) lib/active_support/tagged_logging.rb:68:in `tagged'
  railties (4.1.5) lib/rails/rack/logger.rb:20:in `call'
  actionpack (4.1.5) lib/action_dispatch/middleware/request_id.rb:21:in `call'
  rack (1.5.2) lib/rack/methodoverride.rb:21:in `call'
  rack (1.5.2) lib/rack/runtime.rb:17:in `call'
  activesupport (4.1.5) lib/active_support/cache/strategy/local_cache_middleware.rb:26:in `call'
  rack (1.5.2) lib/rack/lock.rb:17:in `call'
  actionpack (4.1.5) lib/action_dispatch/middleware/static.rb:64:in `call'
  rack (1.5.2) lib/rack/sendfile.rb:112:in `call'
  railties (4.1.5) lib/rails/engine.rb:514:in `call'
  railties (4.1.5) lib/rails/application.rb:144:in `call'
  rack (1.5.2) lib/rack/lock.rb:17:in `call'
  rack (1.5.2) lib/rack/content_length.rb:14:in `call'
  rack (1.5.2) lib/rack/handler/webrick.rb:60:in `service'
  /usr/lib/ruby/1.9.1/webrick/httpserver.rb:138:in `service'
  /usr/lib/ruby/1.9.1/webrick/httpserver.rb:94:in `run'
  /usr/lib/ruby/1.9.1/webrick/server.rb:191:in `block in start_thread'


  Rendered /var/lib/gems/1.9.1/gems/actionpack-4.1.5/lib/action_dispatch/middleware/templates/rescues/_trace.html.erb (36.6ms)
  Rendered /var/lib/gems/1.9.1/gems/actionpack-4.1.5/lib/action_dispatch/middleware/templates/routes/_route.html.erb (2.8ms)
  Rendered /var/lib/gems/1.9.1/gems/actionpack-4.1.5/lib/action_dispatch/middleware/templates/routes/_table.html.erb (1.4ms)
  Rendered /var/lib/gems/1.9.1/gems/actionpack-4.1.5/lib/action_dispatch/middleware/templates/rescues/routing_error.html.erb within rescues/layout (63.4ms)


Started GET "/assets/jquery.js?body=1" for 127.0.0.1 at 2014-11-19 12:51:21 +0530


Started GET "/assets/jquery_ujs.js?body=1" for 127.0.0.1 at 2014-11-19 12:51:21 +0530


Started GET "/assets/turbolinks.js?body=1" for 127.0.0.1 at 2014-11-19 12:51:21 +0530


Started GET "/assets/about.js?body=1" for 127.0.0.1 at 2014-11-19 12:51:21 +0530


Started GET "/assets/bootstrap.js?body=1" for 127.0.0.1 at 2014-11-19 12:51:21 +0530


Started GET "/assets/bootstrap.min.js?body=1" for 127.0.0.1 at 2014-11-19 12:51:21 +0530


Started GET "/assets/contact.js?body=1" for 127.0.0.1 at 2014-11-19 12:51:21 +0530


Started GET "/assets/dash.js?body=1" for 127.0.0.1 at 2014-11-19 12:51:21 +0530


Started GET "/assets/js/bootstrap.js?body=1" for 127.0.0.1 at 2014-11-19 12:51:21 +0530


Started GET "/assets/js/jquery.js?body=1" for 127.0.0.1 at 2014-11-19 12:51:21 +0530


Started GET "/assets/js/bootstrap.min.js?body=1" for 127.0.0.1 at 2014-11-19 12:51:21 +0530


Started GET "/assets/landing.js?body=1" for 127.0.0.1 at 2014-11-19 12:51:21 +0530


Started GET "/assets/names.js?body=1" for 127.0.0.1 at 2014-11-19 12:51:21 +0530


Started GET "/assets/application.js?body=1" for 127.0.0.1 at 2014-11-19 12:51:21 +0530


Started GET "/assets/img/bg.jpg" for 127.0.0.1 at 2014-11-19 12:51:21 +0530


Started GET "/assets/fontawesome-webfont.woff?v=4.2.0" for 127.0.0.1 at 2014-11-19 12:51:21 +0530


Started GET "/users/auth/twitter" for 127.0.0.1 at 2014-11-19 12:55:43 +0530


Started GET "/users/auth/twitter" for 127.0.0.1 at 2014-11-19 12:55:46 +0530


Started GET "/users/auth/twitter/callback?oauth_token=S5IlNTaWlQ3NcwGrHrbLLEzjJwijIqC0&oauth_verifier=RB80HikoVEtTEi1TmQjVbyxzHDmGGYYg" for 127.0.0.1 at 2014-11-19 12:55:50 +0530
Processing by OmniauthCallbacksController#twitter as HTML
  Parameters: {"oauth_token"=>"S5IlNTaWlQ3NcwGrHrbLLEzjJwijIqC0", "oauth_verifier"=>"RB80HikoVEtTEi1TmQjVbyxzHDmGGYYg"}
  [1m[35mUser Load (0.3ms)[0m  SELECT  "users".* FROM "users"  WHERE "users"."provider" = 'twitter' AND "users"."uid" = '2242470050'  ORDER BY "users"."id" ASC LIMIT 1
  [1m[36mUser Load (0.2ms)[0m  [1mSELECT  "users".* FROM "users"  WHERE "users"."email" = '2242470050@twitter.com'  ORDER BY "users"."id" ASC LIMIT 1[0m
  [1m[35m (0.1ms)[0m  begin transaction
  [1m[36mUser Exists (0.2ms)[0m  [1mSELECT  1 AS one FROM "users"  WHERE "users"."email" = '2242470050@twitter.com' LIMIT 1[0m
Binary data inserted for `string` type on column `encrypted_password`
  [1m[35mSQL (0.5ms)[0m  INSERT INTO "users" ("created_at", "email", "encrypted_password", "provider", "uid", "updated_at") VALUES (?, ?, ?, ?, ?, ?)  [["created_at", "2014-11-19 07:25:53.953401"], ["email", "2242470050@twitter.com"], ["encrypted_password", "$2a$10$7twBNbYa.e2FdSYKhybblOkUpBjDq8e7CS5iblAAr.PjIrAxHzRM6"], ["provider", "twitter"], ["uid", "2242470050"], ["updated_at", "2014-11-19 07:25:53.953401"]]
  [1m[36m (106.8ms)[0m  [1mcommit transaction[0m
  [1m[35m (0.1ms)[0m  begin transaction
Binary data inserted for `string` type on column `current_sign_in_ip`
Binary data inserted for `string` type on column `last_sign_in_ip`
  [1m[36mSQL (0.4ms)[0m  [1mUPDATE "users" SET "current_sign_in_at" = ?, "current_sign_in_ip" = ?, "last_sign_in_at" = ?, "last_sign_in_ip" = ?, "sign_in_count" = ?, "updated_at" = ? WHERE "users"."id" = 1[0m  [["current_sign_in_at", "2014-11-19 07:25:54.070481"], ["current_sign_in_ip", "127.0.0.1"], ["last_sign_in_at", "2014-11-19 07:25:54.070481"], ["last_sign_in_ip", "127.0.0.1"], ["sign_in_count", 1], ["updated_at", "2014-11-19 07:25:54.072965"]]
  [1m[35m (104.4ms)[0m  commit transaction
Redirected to http://localhost:3005/dash/view
Completed 302 Found in 503ms (ActiveRecord: 213.1ms)


Started GET "/dash/view" for 127.0.0.1 at 2014-11-19 12:55:54 +0530
Processing by DashController#view as HTML
  [1m[36mUser Load (0.2ms)[0m  [1mSELECT  "users".* FROM "users"  WHERE "users"."id" = 1  ORDER BY "users"."id" ASC LIMIT 1[0m
  [1m[35mUser Load (0.2ms)[0m  SELECT  "users".* FROM "users"  WHERE "users"."id" = ? LIMIT 1  [["id", 1]]
  [1m[36mName Load (0.3ms)[0m  [1mSELECT "names".* FROM "names"  WHERE "names"."user_id" = ?[0m  [["user_id", 1]]
  Rendered dash/view.html.erb within layouts/application (4.1ms)
Completed 200 OK in 324ms (Views: 227.2ms | ActiveRecord: 0.9ms)


Started GET "/assets/about.css?body=1" for 127.0.0.1 at 2014-11-19 12:55:54 +0530


Started GET "/assets/contact.css?body=1" for 127.0.0.1 at 2014-11-19 12:55:54 +0530


Started GET "/assets/css/bootstrap.css?body=1" for 127.0.0.1 at 2014-11-19 12:55:54 +0530


Started GET "/assets/css/business-casual.css?body=1" for 127.0.0.1 at 2014-11-19 12:55:54 +0530


Started GET "/assets/css/bootstrap.min.css?body=1" for 127.0.0.1 at 2014-11-19 12:55:54 +0530


Started GET "/dash/css/bootstrap.min.css" for 127.0.0.1 at 2014-11-19 12:55:54 +0530

ActionController::RoutingError (No route matches [GET] "/dash/css/bootstrap.min.css"):
  actionpack (4.1.5) lib/action_dispatch/middleware/debug_exceptions.rb:21:in `call'
  actionpack (4.1.5) lib/action_dispatch/middleware/show_exceptions.rb:30:in `call'
  railties (4.1.5) lib/rails/rack/logger.rb:38:in `call_app'
  railties (4.1.5) lib/rails/rack/logger.rb:20:in `block in call'
  activesupport (4.1.5) lib/active_support/tagged_logging.rb:68:in `block in tagged'
  activesupport (4.1.5) lib/active_support/tagged_logging.rb:26:in `tagged'
  activesupport (4.1.5) lib/active_support/tagged_logging.rb:68:in `tagged'
  railties (4.1.5) lib/rails/rack/logger.rb:20:in `call'
  actionpack (4.1.5) lib/action_dispatch/middleware/request_id.rb:21:in `call'
  rack (1.5.2) lib/rack/methodoverride.rb:21:in `call'
  rack (1.5.2) lib/rack/runtime.rb:17:in `call'
  activesupport (4.1.5) lib/active_support/cache/strategy/local_cache_middleware.rb:26:in `call'
  rack (1.5.2) lib/rack/lock.rb:17:in `call'
  actionpack (4.1.5) lib/action_dispatch/middleware/static.rb:64:in `call'
  rack (1.5.2) lib/rack/sendfile.rb:112:in `call'
  railties (4.1.5) lib/rails/engine.rb:514:in `call'
  railties (4.1.5) lib/rails/application.rb:144:in `call'
  rack (1.5.2) lib/rack/lock.rb:17:in `call'
  rack (1.5.2) lib/rack/content_length.rb:14:in `call'
  rack (1.5.2) lib/rack/handler/webrick.rb:60:in `service'
  /usr/lib/ruby/1.9.1/webrick/httpserver.rb:138:in `service'
  /usr/lib/ruby/1.9.1/webrick/httpserver.rb:94:in `run'
  /usr/lib/ruby/1.9.1/webrick/server.rb:191:in `block in start_thread'


  Rendered /var/lib/gems/1.9.1/gems/actionpack-4.1.5/lib/action_dispatch/middleware/templates/rescues/_trace.html.erb (2.1ms)
  Rendered /var/lib/gems/1.9.1/gems/actionpack-4.1.5/lib/action_dispatch/middleware/templates/routes/_route.html.erb (4.3ms)
  Rendered /var/lib/gems/1.9.1/gems/actionpack-4.1.5/lib/action_dispatch/middleware/templates/routes/_table.html.erb (2.4ms)
  Rendered /var/lib/gems/1.9.1/gems/actionpack-4.1.5/lib/action_dispatch/middleware/templates/rescues/routing_error.html.erb within rescues/layout (50.2ms)


Started GET "/assets/dash.css?body=1" for 127.0.0.1 at 2014-11-19 12:55:54 +0530


Started GET "/dash/css/business-casual.css" for 127.0.0.1 at 2014-11-19 12:55:54 +0530

ActionController::RoutingError (No route matches [GET] "/dash/css/business-casual.css"):
  actionpack (4.1.5) lib/action_dispatch/middleware/debug_exceptions.rb:21:in `call'
  actionpack (4.1.5) lib/action_dispatch/middleware/show_exceptions.rb:30:in `call'
  railties (4.1.5) lib/rails/rack/logger.rb:38:in `call_app'
  railties (4.1.5) lib/rails/rack/logger.rb:20:in `block in call'
  activesupport (4.1.5) lib/active_support/tagged_logging.rb:68:in `block in tagged'
  activesupport (4.1.5) lib/active_support/tagged_logging.rb:26:in `tagged'
  activesupport (4.1.5) lib/active_support/tagged_logging.rb:68:in `tagged'
  railties (4.1.5) lib/rails/rack/logger.rb:20:in `call'
  actionpack (4.1.5) lib/action_dispatch/middleware/request_id.rb:21:in `call'
  rack (1.5.2) lib/rack/methodoverride.rb:21:in `call'
  rack (1.5.2) lib/rack/runtime.rb:17:in `call'
  activesupport (4.1.5) lib/active_support/cache/strategy/local_cache_middleware.rb:26:in `call'
  rack (1.5.2) lib/rack/lock.rb:17:in `call'
  actionpack (4.1.5) lib/action_dispatch/middleware/static.rb:64:in `call'
  rack (1.5.2) lib/rack/sendfile.rb:112:in `call'
  railties (4.1.5) lib/rails/engine.rb:514:in `call'
  railties (4.1.5) lib/rails/application.rb:144:in `call'
  rack (1.5.2) lib/rack/lock.rb:17:in `call'
  rack (1.5.2) lib/rack/content_length.rb:14:in `call'
  rack (1.5.2) lib/rack/handler/webrick.rb:60:in `service'
  /usr/lib/ruby/1.9.1/webrick/httpserver.rb:138:in `service'
  /usr/lib/ruby/1.9.1/webrick/httpserver.rb:94:in `run'
  /usr/lib/ruby/1.9.1/webrick/server.rb:191:in `block in start_thread'


  Rendered /var/lib/gems/1.9.1/gems/actionpack-4.1.5/lib/action_dispatch/middleware/templates/rescues/_trace.html.erb (2.7ms)
  Rendered /var/lib/gems/1.9.1/gems/actionpack-4.1.5/lib/action_dispatch/middleware/templates/routes/_route.html.erb (74.8ms)
  Rendered /var/lib/gems/1.9.1/gems/actionpack-4.1.5/lib/action_dispatch/middleware/templates/routes/_table.html.erb (2.2ms)
  Rendered /var/lib/gems/1.9.1/gems/actionpack-4.1.5/lib/action_dispatch/middleware/templates/rescues/routing_error.html.erb within rescues/layout (116.6ms)


Started GET "/assets/landing.css?body=1" for 127.0.0.1 at 2014-11-19 12:55:54 +0530


Started GET "/assets/names.css?body=1" for 127.0.0.1 at 2014-11-19 12:55:54 +0530


Started GET "/assets/scaffolds.css?body=1" for 127.0.0.1 at 2014-11-19 12:55:54 +0530


Started GET "/assets/application.css?body=1" for 127.0.0.1 at 2014-11-19 12:55:54 +0530


Started GET "/assets/jquery.js?body=1" for 127.0.0.1 at 2014-11-19 12:55:54 +0530


Started GET "/assets/about.js?body=1" for 127.0.0.1 at 2014-11-19 12:55:54 +0530


Started GET "/assets/bootstrap.min.js?body=1" for 127.0.0.1 at 2014-11-19 12:55:54 +0530


Started GET "/assets/bootstrap.js?body=1" for 127.0.0.1 at 2014-11-19 12:55:54 +0530


Started GET "/assets/contact.js?body=1" for 127.0.0.1 at 2014-11-19 12:55:54 +0530


Started GET "/assets/dash.js?body=1" for 127.0.0.1 at 2014-11-19 12:55:55 +0530


Started GET "/assets/js/bootstrap.js?body=1" for 127.0.0.1 at 2014-11-19 12:55:55 +0530


Started GET "/assets/js/bootstrap.min.js?body=1" for 127.0.0.1 at 2014-11-19 12:55:55 +0530


Started GET "/assets/application.js?body=1" for 127.0.0.1 at 2014-11-19 12:55:55 +0530


Started GET "/assets/names.js?body=1" for 127.0.0.1 at 2014-11-19 12:55:55 +0530


Started GET "/assets/js/jquery.js?body=1" for 127.0.0.1 at 2014-11-19 12:55:55 +0530


Started GET "/assets/landing.js?body=1" for 127.0.0.1 at 2014-11-19 12:55:55 +0530


Started GET "/assets/img/bg.jpg" for 127.0.0.1 at 2014-11-19 12:55:55 +0530


Started DELETE "/users/sign_out" for 127.0.0.1 at 2014-11-19 12:56:22 +0530
Processing by Devise::SessionsController#destroy as HTML
  Parameters: {"authenticity_token"=>"olS81/vdyYGN9n2FAHBH7+fWOZZTPMKomjaTmUtaeA8="}
  [1m[35mUser Load (0.3ms)[0m  SELECT  "users".* FROM "users"  WHERE "users"."id" = 1  ORDER BY "users"."id" ASC LIMIT 1
  [1m[36m (0.2ms)[0m  [1mbegin transaction[0m
  [1m[35m (0.1ms)[0m  commit transaction
Redirected to http://localhost:3005/
Completed 302 Found in 48ms (ActiveRecord: 0.6ms)


Started GET "/" for 127.0.0.1 at 2014-11-19 12:56:22 +0530
Processing by DashController#view as HTML
Completed 401 Unauthorized in 1ms


Started GET "/users/sign_in" for 127.0.0.1 at 2014-11-19 12:56:22 +0530
Processing by Devise::SessionsController#new as HTML
  Rendered devise/sessions/new.html.erb within layouts/application (0.8ms)
Completed 200 OK in 173ms (Views: 170.3ms | ActiveRecord: 0.0ms)


Started DELETE "/users/sign_out" for 127.0.0.1 at 2014-11-19 12:56:22 +0530
Processing by Devise::SessionsController#destroy as HTML
  Parameters: {"authenticity_token"=>"olS81/vdyYGN9n2FAHBH7+fWOZZTPMKomjaTmUtaeA8="}
Can't verify CSRF token authenticity
Completed 422 Unprocessable Entity in 3ms

ActionController::InvalidAuthenticityToken (ActionController::InvalidAuthenticityToken):
  actionpack (4.1.5) lib/action_controller/metal/request_forgery_protection.rb:176:in `handle_unverified_request'
  actionpack (4.1.5) lib/action_controller/metal/request_forgery_protection.rb:202:in `handle_unverified_request'
  devise (3.2.4) lib/devise/controllers/helpers.rb:182:in `handle_unverified_request'
  actionpack (4.1.5) lib/action_controller/metal/request_forgery_protection.rb:197:in `verify_authenticity_token'
  activesupport (4.1.5) lib/active_support/callbacks.rb:424:in `block in make_lambda'
  activesupport (4.1.5) lib/active_support/callbacks.rb:160:in `call'
  activesupport (4.1.5) lib/active_support/callbacks.rb:160:in `block in halting'
  activesupport (4.1.5) lib/active_support/callbacks.rb:166:in `call'
  activesupport (4.1.5) lib/active_support/callbacks.rb:166:in `block in halting'
  activesupport (4.1.5) lib/active_support/callbacks.rb:149:in `call'
  activesupport (4.1.5) lib/active_support/callbacks.rb:149:in `block in halting_and_conditional'
  activesupport (4.1.5) lib/active_support/callbacks.rb:149:in `call'
  activesupport (4.1.5) lib/active_support/callbacks.rb:149:in `block in halting_and_conditional'
  activesupport (4.1.5) lib/active_support/callbacks.rb:149:in `call'
  activesupport (4.1.5) lib/active_support/callbacks.rb:149:in `block in halting_and_conditional'
  activesupport (4.1.5) lib/active_support/callbacks.rb:86:in `call'
  activesupport (4.1.5) lib/active_support/callbacks.rb:86:in `run_callbacks'
  actionpack (4.1.5) lib/abstract_controller/callbacks.rb:19:in `process_action'
  actionpack (4.1.5) lib/action_controller/metal/rescue.rb:29:in `process_action'
  actionpack (4.1.5) lib/action_controller/metal/instrumentation.rb:31:in `block in process_action'
  activesupport (4.1.5) lib/active_support/notifications.rb:159:in `block in instrument'
  activesupport (4.1.5) lib/active_support/notifications/instrumenter.rb:20:in `instrument'
  activesupport (4.1.5) lib/active_support/notifications.rb:159:in `instrument'
  actionpack (4.1.5) lib/action_controller/metal/instrumentation.rb:30:in `process_action'
  actionpack (4.1.5) lib/action_controller/metal/params_wrapper.rb:250:in `process_action'
  activerecord (4.1.5) lib/active_record/railties/controller_runtime.rb:18:in `process_action'
  actionpack (4.1.5) lib/abstract_controller/base.rb:136:in `process'
  actionview (4.1.5) lib/action_view/rendering.rb:30:in `process'
  actionpack (4.1.5) lib/action_controller/metal.rb:196:in `dispatch'
  actionpack (4.1.5) lib/action_controller/metal/rack_delegation.rb:13:in `dispatch'
  actionpack (4.1.5) lib/action_controller/metal.rb:232:in `block in action'
  actionpack (4.1.5) lib/action_dispatch/routing/route_set.rb:82:in `call'
  actionpack (4.1.5) lib/action_dispatch/routing/route_set.rb:82:in `dispatch'
  actionpack (4.1.5) lib/action_dispatch/routing/route_set.rb:50:in `call'
  actionpack (4.1.5) lib/action_dispatch/routing/mapper.rb:45:in `call'
  actionpack (4.1.5) lib/action_dispatch/journey/router.rb:71:in `block in call'
  actionpack (4.1.5) lib/action_dispatch/journey/router.rb:59:in `each'
  actionpack (4.1.5) lib/action_dispatch/journey/router.rb:59:in `call'
  actionpack (4.1.5) lib/action_dispatch/routing/route_set.rb:678:in `call'
  omniauth (1.2.2) lib/omniauth/strategy.rb:186:in `call!'
  omniauth (1.2.2) lib/omniauth/strategy.rb:164:in `call'
  warden (1.2.3) lib/warden/manager.rb:35:in `block in call'
  warden (1.2.3) lib/warden/manager.rb:34:in `catch'
  warden (1.2.3) lib/warden/manager.rb:34:in `call'
  rack (1.5.2) lib/rack/etag.rb:23:in `call'
  rack (1.5.2) lib/rack/conditionalget.rb:35:in `call'
  rack (1.5.2) lib/rack/head.rb:11:in `call'
  actionpack (4.1.5) lib/action_dispatch/middleware/params_parser.rb:27:in `call'
  actionpack (4.1.5) lib/action_dispatch/middleware/flash.rb:254:in `call'
  rack (1.5.2) lib/rack/session/abstract/id.rb:225:in `context'
  rack (1.5.2) lib/rack/session/abstract/id.rb:220:in `call'
  actionpack (4.1.5) lib/action_dispatch/middleware/cookies.rb:560:in `call'
  activerecord (4.1.5) lib/active_record/query_cache.rb:36:in `call'
  activerecord (4.1.5) lib/active_record/connection_adapters/abstract/connection_pool.rb:621:in `call'
  activerecord (4.1.5) lib/active_record/migration.rb:380:in `call'
  actionpack (4.1.5) lib/action_dispatch/middleware/callbacks.rb:29:in `block in call'
  activesupport (4.1.5) lib/active_support/callbacks.rb:82:in `run_callbacks'
  actionpack (4.1.5) lib/action_dispatch/middleware/callbacks.rb:27:in `call'
  actionpack (4.1.5) lib/action_dispatch/middleware/reloader.rb:73:in `call'
  actionpack (4.1.5) lib/action_dispatch/middleware/remote_ip.rb:76:in `call'
  actionpack (4.1.5) lib/action_dispatch/middleware/debug_exceptions.rb:17:in `call'
  actionpack (4.1.5) lib/action_dispatch/middleware/show_exceptions.rb:30:in `call'
  railties (4.1.5) lib/rails/rack/logger.rb:38:in `call_app'
  railties (4.1.5) lib/rails/rack/logger.rb:20:in `block in call'
  activesupport (4.1.5) lib/active_support/tagged_logging.rb:68:in `block in tagged'
  activesupport (4.1.5) lib/active_support/tagged_logging.rb:26:in `tagged'
  activesupport (4.1.5) lib/active_support/tagged_logging.rb:68:in `tagged'
  railties (4.1.5) lib/rails/rack/logger.rb:20:in `call'
  actionpack (4.1.5) lib/action_dispatch/middleware/request_id.rb:21:in `call'
  rack (1.5.2) lib/rack/methodoverride.rb:21:in `call'
  rack (1.5.2) lib/rack/runtime.rb:17:in `call'
  activesupport (4.1.5) lib/active_support/cache/strategy/local_cache_middleware.rb:26:in `call'
  rack (1.5.2) lib/rack/lock.rb:17:in `call'
  actionpack (4.1.5) lib/action_dispatch/middleware/static.rb:64:in `call'
  rack (1.5.2) lib/rack/sendfile.rb:112:in `call'
  railties (4.1.5) lib/rails/engine.rb:514:in `call'
  railties (4.1.5) lib/rails/application.rb:144:in `call'
  rack (1.5.2) lib/rack/lock.rb:17:in `call'
  rack (1.5.2) lib/rack/content_length.rb:14:in `call'
  rack (1.5.2) lib/rack/handler/webrick.rb:60:in `service'
  /usr/lib/ruby/1.9.1/webrick/httpserver.rb:138:in `service'
  /usr/lib/ruby/1.9.1/webrick/httpserver.rb:94:in `run'
  /usr/lib/ruby/1.9.1/webrick/server.rb:191:in `block in start_thread'


  Rendered /var/lib/gems/1.9.1/gems/actionpack-4.1.5/lib/action_dispatch/middleware/templates/rescues/_source.erb (0.6ms)
  Rendered /var/lib/gems/1.9.1/gems/actionpack-4.1.5/lib/action_dispatch/middleware/templates/rescues/_trace.html.erb (1.2ms)
  Rendered /var/lib/gems/1.9.1/gems/actionpack-4.1.5/lib/action_dispatch/middleware/templates/rescues/_request_and_response.html.erb (1.2ms)
  Rendered /var/lib/gems/1.9.1/gems/actionpack-4.1.5/lib/action_dispatch/middleware/templates/rescues/diagnostics.erb within rescues/layout (15.8ms)


Started GET "/" for 127.0.0.1 at 2014-11-19 12:56:27 +0530
Processing by DashController#view as HTML
Completed 401 Unauthorized in 1ms


Started GET "/users/sign_in" for 127.0.0.1 at 2014-11-19 12:56:27 +0530
Processing by Devise::SessionsController#new as HTML
  Rendered devise/sessions/new.html.erb within layouts/application (1.4ms)
Completed 200 OK in 231ms (Views: 229.4ms | ActiveRecord: 0.0ms)


Started GET "/assets/about.css?body=1" for 127.0.0.1 at 2014-11-19 12:56:27 +0530


Started GET "/assets/css/bootstrap.min.css?body=1" for 127.0.0.1 at 2014-11-19 12:56:27 +0530


Started GET "/assets/css/business-casual.css?body=1" for 127.0.0.1 at 2014-11-19 12:56:27 +0530


Started GET "/assets/contact.css?body=1" for 127.0.0.1 at 2014-11-19 12:56:27 +0530


Started GET "/assets/dash.css?body=1" for 127.0.0.1 at 2014-11-19 12:56:27 +0530


Started GET "/assets/css/bootstrap.css?body=1" for 127.0.0.1 at 2014-11-19 12:56:27 +0530


Started GET "/assets/landing.css?body=1" for 127.0.0.1 at 2014-11-19 12:56:27 +0530


Started GET "/assets/names.css?body=1" for 127.0.0.1 at 2014-11-19 12:56:27 +0530


Started GET "/users/css/bootstrap.min.css" for 127.0.0.1 at 2014-11-19 12:56:27 +0530

ActionController::RoutingError (No route matches [GET] "/users/css/bootstrap.min.css"):
  actionpack (4.1.5) lib/action_dispatch/middleware/debug_exceptions.rb:21:in `call'
  actionpack (4.1.5) lib/action_dispatch/middleware/show_exceptions.rb:30:in `call'
  railties (4.1.5) lib/rails/rack/logger.rb:38:in `call_app'
  railties (4.1.5) lib/rails/rack/logger.rb:20:in `block in call'
  activesupport (4.1.5) lib/active_support/tagged_logging.rb:68:in `block in tagged'
  activesupport (4.1.5) lib/active_support/tagged_logging.rb:26:in `tagged'
  activesupport (4.1.5) lib/active_support/tagged_logging.rb:68:in `tagged'
  railties (4.1.5) lib/rails/rack/logger.rb:20:in `call'
  actionpack (4.1.5) lib/action_dispatch/middleware/request_id.rb:21:in `call'
  rack (1.5.2) lib/rack/methodoverride.rb:21:in `call'
  rack (1.5.2) lib/rack/runtime.rb:17:in `call'
  activesupport (4.1.5) lib/active_support/cache/strategy/local_cache_middleware.rb:26:in `call'
  rack (1.5.2) lib/rack/lock.rb:17:in `call'
  actionpack (4.1.5) lib/action_dispatch/middleware/static.rb:64:in `call'
  rack (1.5.2) lib/rack/sendfile.rb:112:in `call'
  railties (4.1.5) lib/rails/engine.rb:514:in `call'
  railties (4.1.5) lib/rails/application.rb:144:in `call'
  rack (1.5.2) lib/rack/lock.rb:17:in `call'
  rack (1.5.2) lib/rack/content_length.rb:14:in `call'
  rack (1.5.2) lib/rack/handler/webrick.rb:60:in `service'
  /usr/lib/ruby/1.9.1/webrick/httpserver.rb:138:in `service'
  /usr/lib/ruby/1.9.1/webrick/httpserver.rb:94:in `run'
  /usr/lib/ruby/1.9.1/webrick/server.rb:191:in `block in start_thread'


  Rendered /var/lib/gems/1.9.1/gems/actionpack-4.1.5/lib/action_dispatch/middleware/templates/rescues/_trace.html.erb (1.3ms)
  Rendered /var/lib/gems/1.9.1/gems/actionpack-4.1.5/lib/action_dispatch/middleware/templates/routes/_route.html.erb (3.3ms)
  Rendered /var/lib/gems/1.9.1/gems/actionpack-4.1.5/lib/action_dispatch/middleware/templates/routes/_table.html.erb (1.6ms)
  Rendered /var/lib/gems/1.9.1/gems/actionpack-4.1.5/lib/action_dispatch/middleware/templates/rescues/routing_error.html.erb within rescues/layout (28.9ms)


Started GET "/assets/scaffolds.css?body=1" for 127.0.0.1 at 2014-11-19 12:56:27 +0530


Started GET "/users/css/business-casual.css" for 127.0.0.1 at 2014-11-19 12:56:27 +0530

ActionController::RoutingError (No route matches [GET] "/users/css/business-casual.css"):
  actionpack (4.1.5) lib/action_dispatch/middleware/debug_exceptions.rb:21:in `call'
  actionpack (4.1.5) lib/action_dispatch/middleware/show_exceptions.rb:30:in `call'
  railties (4.1.5) lib/rails/rack/logger.rb:38:in `call_app'
  railties (4.1.5) lib/rails/rack/logger.rb:20:in `block in call'
  activesupport (4.1.5) lib/active_support/tagged_logging.rb:68:in `block in tagged'
  activesupport (4.1.5) lib/active_support/tagged_logging.rb:26:in `tagged'
  activesupport (4.1.5) lib/active_support/tagged_logging.rb:68:in `tagged'
  railties (4.1.5) lib/rails/rack/logger.rb:20:in `call'
  actionpack (4.1.5) lib/action_dispatch/middleware/request_id.rb:21:in `call'
  rack (1.5.2) lib/rack/methodoverride.rb:21:in `call'
  rack (1.5.2) lib/rack/runtime.rb:17:in `call'
  activesupport (4.1.5) lib/active_support/cache/strategy/local_cache_middleware.rb:26:in `call'
  rack (1.5.2) lib/rack/lock.rb:17:in `call'
  actionpack (4.1.5) lib/action_dispatch/middleware/static.rb:64:in `call'
  rack (1.5.2) lib/rack/sendfile.rb:112:in `call'
  railties (4.1.5) lib/rails/engine.rb:514:in `call'
  railties (4.1.5) lib/rails/application.rb:144:in `call'
  rack (1.5.2) lib/rack/lock.rb:17:in `call'
  rack (1.5.2) lib/rack/content_length.rb:14:in `call'
  rack (1.5.2) lib/rack/handler/webrick.rb:60:in `service'
  /usr/lib/ruby/1.9.1/webrick/httpserver.rb:138:in `service'
  /usr/lib/ruby/1.9.1/webrick/httpserver.rb:94:in `run'
  /usr/lib/ruby/1.9.1/webrick/server.rb:191:in `block in start_thread'


  Rendered /var/lib/gems/1.9.1/gems/actionpack-4.1.5/lib/action_dispatch/middleware/templates/rescues/_trace.html.erb (1.2ms)
  Rendered /var/lib/gems/1.9.1/gems/actionpack-4.1.5/lib/action_dispatch/middleware/templates/routes/_route.html.erb (4.1ms)
  Rendered /var/lib/gems/1.9.1/gems/actionpack-4.1.5/lib/action_dispatch/middleware/templates/routes/_table.html.erb (1.5ms)
  Rendered /var/lib/gems/1.9.1/gems/actionpack-4.1.5/lib/action_dispatch/middleware/templates/rescues/routing_error.html.erb within rescues/layout (35.4ms)


Started GET "/assets/jquery.js?body=1" for 127.0.0.1 at 2014-11-19 12:56:27 +0530


Started GET "/assets/application.css?body=1" for 127.0.0.1 at 2014-11-19 12:56:27 +0530


Started GET "/assets/about.js?body=1" for 127.0.0.1 at 2014-11-19 12:56:27 +0530


Started GET "/assets/bootstrap.js?body=1" for 127.0.0.1 at 2014-11-19 12:56:27 +0530


Started GET "/assets/bootstrap.min.js?body=1" for 127.0.0.1 at 2014-11-19 12:56:27 +0530


Started GET "/assets/contact.js?body=1" for 127.0.0.1 at 2014-11-19 12:56:27 +0530


Started GET "/assets/dash.js?body=1" for 127.0.0.1 at 2014-11-19 12:56:27 +0530


Started GET "/assets/js/bootstrap.js?body=1" for 127.0.0.1 at 2014-11-19 12:56:27 +0530


Started GET "/assets/js/bootstrap.min.js?body=1" for 127.0.0.1 at 2014-11-19 12:56:27 +0530


Started GET "/assets/js/jquery.js?body=1" for 127.0.0.1 at 2014-11-19 12:56:27 +0530


Started GET "/assets/landing.js?body=1" for 127.0.0.1 at 2014-11-19 12:56:27 +0530


Started GET "/assets/names.js?body=1" for 127.0.0.1 at 2014-11-19 12:56:27 +0530


Started GET "/assets/application.js?body=1" for 127.0.0.1 at 2014-11-19 12:56:27 +0530


Started GET "/assets/img/bg.jpg" for 127.0.0.1 at 2014-11-19 12:56:27 +0530


Started GET "/assets/fontawesome-webfont.woff?v=4.2.0" for 127.0.0.1 at 2014-11-19 12:56:28 +0530


Started GET "/" for 127.0.0.1 at 2014-11-19 12:56:53 +0530
Processing by DashController#view as HTML
Completed 401 Unauthorized in 1ms


Started GET "/users/sign_in" for 127.0.0.1 at 2014-11-19 12:56:53 +0530
Processing by Devise::SessionsController#new as HTML
  Rendered devise/sessions/new.html.erb within layouts/application (0.8ms)
Completed 200 OK in 223ms (Views: 220.2ms | ActiveRecord: 0.0ms)


Started GET "/assets/about.css?body=1" for 127.0.0.1 at 2014-11-19 12:56:54 +0530


Started GET "/assets/contact.css?body=1" for 127.0.0.1 at 2014-11-19 12:56:54 +0530


Started GET "/assets/css/bootstrap.css?body=1" for 127.0.0.1 at 2014-11-19 12:56:54 +0530


Started GET "/assets/css/business-casual.css?body=1" for 127.0.0.1 at 2014-11-19 12:56:54 +0530


Started GET "/assets/dash.css?body=1" for 127.0.0.1 at 2014-11-19 12:56:54 +0530


Started GET "/assets/css/bootstrap.min.css?body=1" for 127.0.0.1 at 2014-11-19 12:56:54 +0530


Started GET "/assets/scaffolds.css?body=1" for 127.0.0.1 at 2014-11-19 12:56:54 +0530


Started GET "/assets/landing.css?body=1" for 127.0.0.1 at 2014-11-19 12:56:54 +0530


Started GET "/assets/names.css?body=1" for 127.0.0.1 at 2014-11-19 12:56:54 +0530


Started GET "/assets/application.css?body=1" for 127.0.0.1 at 2014-11-19 12:56:54 +0530


Started GET "/assets/jquery.js?body=1" for 127.0.0.1 at 2014-11-19 12:56:54 +0530


Started GET "/assets/bootstrap.js?body=1" for 127.0.0.1 at 2014-11-19 12:56:54 +0530


Started GET "/assets/contact.js?body=1" for 127.0.0.1 at 2014-11-19 12:56:54 +0530


Started GET "/assets/about.js?body=1" for 127.0.0.1 at 2014-11-19 12:56:54 +0530


Started GET "/users/css/business-casual.css" for 127.0.0.1 at 2014-11-19 12:56:54 +0530

ActionController::RoutingError (No route matches [GET] "/users/css/business-casual.css"):
  actionpack (4.1.5) lib/action_dispatch/middleware/debug_exceptions.rb:21:in `call'
  actionpack (4.1.5) lib/action_dispatch/middleware/show_exceptions.rb:30:in `call'
  railties (4.1.5) lib/rails/rack/logger.rb:38:in `call_app'
  railties (4.1.5) lib/rails/rack/logger.rb:20:in `block in call'
  activesupport (4.1.5) lib/active_support/tagged_logging.rb:68:in `block in tagged'
  activesupport (4.1.5) lib/active_support/tagged_logging.rb:26:in `tagged'
  activesupport (4.1.5) lib/active_support/tagged_logging.rb:68:in `tagged'
  railties (4.1.5) lib/rails/rack/logger.rb:20:in `call'
  actionpack (4.1.5) lib/action_dispatch/middleware/request_id.rb:21:in `call'
  rack (1.5.2) lib/rack/methodoverride.rb:21:in `call'
  rack (1.5.2) lib/rack/runtime.rb:17:in `call'
  activesupport (4.1.5) lib/active_support/cache/strategy/local_cache_middleware.rb:26:in `call'
  rack (1.5.2) lib/rack/lock.rb:17:in `call'
  actionpack (4.1.5) lib/action_dispatch/middleware/static.rb:64:in `call'
  rack (1.5.2) lib/rack/sendfile.rb:112:in `call'
  railties (4.1.5) lib/rails/engine.rb:514:in `call'
  railties (4.1.5) lib/rails/application.rb:144:in `call'
  rack (1.5.2) lib/rack/lock.rb:17:in `call'
  rack (1.5.2) lib/rack/content_length.rb:14:in `call'
  rack (1.5.2) lib/rack/handler/webrick.rb:60:in `service'
  /usr/lib/ruby/1.9.1/webrick/httpserver.rb:138:in `service'
  /usr/lib/ruby/1.9.1/webrick/httpserver.rb:94:in `run'
  /usr/lib/ruby/1.9.1/webrick/server.rb:191:in `block in start_thread'


  Rendered /var/lib/gems/1.9.1/gems/actionpack-4.1.5/lib/action_dispatch/middleware/templates/rescues/_trace.html.erb (3.5ms)
  Rendered /var/lib/gems/1.9.1/gems/actionpack-4.1.5/lib/action_dispatch/middleware/templates/routes/_route.html.erb (2.3ms)
  Rendered /var/lib/gems/1.9.1/gems/actionpack-4.1.5/lib/action_dispatch/middleware/templates/routes/_table.html.erb (1.2ms)
  Rendered /var/lib/gems/1.9.1/gems/actionpack-4.1.5/lib/action_dispatch/middleware/templates/rescues/routing_error.html.erb within rescues/layout (97.4ms)


Started GET "/assets/bootstrap.min.js?body=1" for 127.0.0.1 at 2014-11-19 12:56:54 +0530


Started GET "/users/css/bootstrap.min.css" for 127.0.0.1 at 2014-11-19 12:56:54 +0530

ActionController::RoutingError (No route matches [GET] "/users/css/bootstrap.min.css"):
  actionpack (4.1.5) lib/action_dispatch/middleware/debug_exceptions.rb:21:in `call'
  actionpack (4.1.5) lib/action_dispatch/middleware/show_exceptions.rb:30:in `call'
  railties (4.1.5) lib/rails/rack/logger.rb:38:in `call_app'
  railties (4.1.5) lib/rails/rack/logger.rb:20:in `block in call'
  activesupport (4.1.5) lib/active_support/tagged_logging.rb:68:in `block in tagged'
  activesupport (4.1.5) lib/active_support/tagged_logging.rb:26:in `tagged'
  activesupport (4.1.5) lib/active_support/tagged_logging.rb:68:in `tagged'
  railties (4.1.5) lib/rails/rack/logger.rb:20:in `call'
  actionpack (4.1.5) lib/action_dispatch/middleware/request_id.rb:21:in `call'
  rack (1.5.2) lib/rack/methodoverride.rb:21:in `call'
  rack (1.5.2) lib/rack/runtime.rb:17:in `call'
  activesupport (4.1.5) lib/active_support/cache/strategy/local_cache_middleware.rb:26:in `call'
  rack (1.5.2) lib/rack/lock.rb:17:in `call'
  actionpack (4.1.5) lib/action_dispatch/middleware/static.rb:64:in `call'
  rack (1.5.2) lib/rack/sendfile.rb:112:in `call'
  railties (4.1.5) lib/rails/engine.rb:514:in `call'
  railties (4.1.5) lib/rails/application.rb:144:in `call'
  rack (1.5.2) lib/rack/lock.rb:17:in `call'
  rack (1.5.2) lib/rack/content_length.rb:14:in `call'
  rack (1.5.2) lib/rack/handler/webrick.rb:60:in `service'
  /usr/lib/ruby/1.9.1/webrick/httpserver.rb:138:in `service'
  /usr/lib/ruby/1.9.1/webrick/httpserver.rb:94:in `run'
  /usr/lib/ruby/1.9.1/webrick/server.rb:191:in `block in start_thread'


  Rendered /var/lib/gems/1.9.1/gems/actionpack-4.1.5/lib/action_dispatch/middleware/templates/rescues/_trace.html.erb (1.2ms)
  Rendered /var/lib/gems/1.9.1/gems/actionpack-4.1.5/lib/action_dispatch/middleware/templates/routes/_route.html.erb (2.3ms)
  Rendered /var/lib/gems/1.9.1/gems/actionpack-4.1.5/lib/action_dispatch/middleware/templates/routes/_table.html.erb (1.4ms)
  Rendered /var/lib/gems/1.9.1/gems/actionpack-4.1.5/lib/action_dispatch/middleware/templates/rescues/routing_error.html.erb within rescues/layout (26.8ms)


Started GET "/assets/dash.js?body=1" for 127.0.0.1 at 2014-11-19 12:56:54 +0530


Started GET "/assets/js/bootstrap.js?body=1" for 127.0.0.1 at 2014-11-19 12:56:54 +0530


Started GET "/assets/js/bootstrap.min.js?body=1" for 127.0.0.1 at 2014-11-19 12:56:54 +0530


Started GET "/assets/js/jquery.js?body=1" for 127.0.0.1 at 2014-11-19 12:56:54 +0530


Started GET "/assets/landing.js?body=1" for 127.0.0.1 at 2014-11-19 12:56:54 +0530


Started GET "/assets/names.js?body=1" for 127.0.0.1 at 2014-11-19 12:56:54 +0530


Started GET "/assets/application.js?body=1" for 127.0.0.1 at 2014-11-19 12:56:54 +0530


Started GET "/assets/img/bg.jpg" for 127.0.0.1 at 2014-11-19 12:56:54 +0530


Started GET "/users/auth/twitter" for 127.0.0.1 at 2014-11-19 12:56:57 +0530


Started GET "/users/auth/twitter" for 127.0.0.1 at 2014-11-19 12:56:59 +0530


Started GET "/users/auth/twitter/callback?oauth_token=lpHPcbifuEQi2neVddiZRznD8V0kIdzy&oauth_verifier=W5oV0naL2FQid0U70FyhxLLmCG96RB3o" for 127.0.0.1 at 2014-11-19 12:57:10 +0530
Processing by OmniauthCallbacksController#twitter as HTML
  Parameters: {"oauth_token"=>"lpHPcbifuEQi2neVddiZRznD8V0kIdzy", "oauth_verifier"=>"W5oV0naL2FQid0U70FyhxLLmCG96RB3o"}
  [1m[36mUser Load (0.5ms)[0m  [1mSELECT  "users".* FROM "users"  WHERE "users"."provider" = 'twitter' AND "users"."uid" = '2242470050'  ORDER BY "users"."id" ASC LIMIT 1[0m
  [1m[35m (0.2ms)[0m  begin transaction
  [1m[36mSQL (0.5ms)[0m  [1mUPDATE "users" SET "current_sign_in_at" = ?, "sign_in_count" = ?, "updated_at" = ? WHERE "users"."id" = 1[0m  [["current_sign_in_at", "2014-11-19 07:27:13.434469"], ["sign_in_count", 2], ["updated_at", "2014-11-19 07:27:13.436191"]]
  [1m[35m (106.1ms)[0m  commit transaction
Redirected to http://localhost:3005/
Completed 302 Found in 116ms (ActiveRecord: 107.2ms)


Started GET "/" for 127.0.0.1 at 2014-11-19 12:57:13 +0530
Processing by DashController#view as HTML
  [1m[36mUser Load (0.3ms)[0m  [1mSELECT  "users".* FROM "users"  WHERE "users"."id" = 1  ORDER BY "users"."id" ASC LIMIT 1[0m
  [1m[35mUser Load (0.1ms)[0m  SELECT  "users".* FROM "users"  WHERE "users"."id" = ? LIMIT 1  [["id", 1]]
  [1m[36mName Load (0.1ms)[0m  [1mSELECT "names".* FROM "names"  WHERE "names"."user_id" = ?[0m  [["user_id", 1]]
  Rendered dash/view.html.erb within layouts/application (1.7ms)
Completed 200 OK in 261ms (Views: 256.2ms | ActiveRecord: 0.6ms)


Started GET "/assets/about.css?body=1" for 127.0.0.1 at 2014-11-19 12:57:13 +0530


Started GET "/assets/css/bootstrap.css?body=1" for 127.0.0.1 at 2014-11-19 12:57:13 +0530


Started GET "/assets/css/bootstrap.min.css?body=1" for 127.0.0.1 at 2014-11-19 12:57:13 +0530


Started GET "/assets/contact.css?body=1" for 127.0.0.1 at 2014-11-19 12:57:13 +0530


Started GET "/assets/css/business-casual.css?body=1" for 127.0.0.1 at 2014-11-19 12:57:13 +0530


Started GET "/assets/landing.css?body=1" for 127.0.0.1 at 2014-11-19 12:57:13 +0530


Started GET "/assets/application.css?body=1" for 127.0.0.1 at 2014-11-19 12:57:14 +0530


Started GET "/assets/names.css?body=1" for 127.0.0.1 at 2014-11-19 12:57:14 +0530


Started GET "/css/business-casual.css" for 127.0.0.1 at 2014-11-19 12:57:14 +0530

ActionController::RoutingError (No route matches [GET] "/css/business-casual.css"):
  actionpack (4.1.5) lib/action_dispatch/middleware/debug_exceptions.rb:21:in `call'
  actionpack (4.1.5) lib/action_dispatch/middleware/show_exceptions.rb:30:in `call'
  railties (4.1.5) lib/rails/rack/logger.rb:38:in `call_app'
  railties (4.1.5) lib/rails/rack/logger.rb:20:in `block in call'
  activesupport (4.1.5) lib/active_support/tagged_logging.rb:68:in `block in tagged'
  activesupport (4.1.5) lib/active_support/tagged_logging.rb:26:in `tagged'
  activesupport (4.1.5) lib/active_support/tagged_logging.rb:68:in `tagged'
  railties (4.1.5) lib/rails/rack/logger.rb:20:in `call'
  actionpack (4.1.5) lib/action_dispatch/middleware/request_id.rb:21:in `call'
  rack (1.5.2) lib/rack/methodoverride.rb:21:in `call'
  rack (1.5.2) lib/rack/runtime.rb:17:in `call'
  activesupport (4.1.5) lib/active_support/cache/strategy/local_cache_middleware.rb:26:in `call'
  rack (1.5.2) lib/rack/lock.rb:17:in `call'
  actionpack (4.1.5) lib/action_dispatch/middleware/static.rb:64:in `call'
  rack (1.5.2) lib/rack/sendfile.rb:112:in `call'
  railties (4.1.5) lib/rails/engine.rb:514:in `call'
  railties (4.1.5) lib/rails/application.rb:144:in `call'
  rack (1.5.2) lib/rack/lock.rb:17:in `call'
  rack (1.5.2) lib/rack/content_length.rb:14:in `call'
  rack (1.5.2) lib/rack/handler/webrick.rb:60:in `service'
  /usr/lib/ruby/1.9.1/webrick/httpserver.rb:138:in `service'
  /usr/lib/ruby/1.9.1/webrick/httpserver.rb:94:in `run'
  /usr/lib/ruby/1.9.1/webrick/server.rb:191:in `block in start_thread'


  Rendered /var/lib/gems/1.9.1/gems/actionpack-4.1.5/lib/action_dispatch/middleware/templates/rescues/_trace.html.erb (1.1ms)
  Rendered /var/lib/gems/1.9.1/gems/actionpack-4.1.5/lib/action_dispatch/middleware/templates/routes/_route.html.erb (4.0ms)
  Rendered /var/lib/gems/1.9.1/gems/actionpack-4.1.5/lib/action_dispatch/middleware/templates/routes/_table.html.erb (2.7ms)
  Rendered /var/lib/gems/1.9.1/gems/actionpack-4.1.5/lib/action_dispatch/middleware/templates/rescues/routing_error.html.erb within rescues/layout (33.1ms)


Started GET "/assets/dash.css?body=1" for 127.0.0.1 at 2014-11-19 12:57:14 +0530


Started GET "/assets/scaffolds.css?body=1" for 127.0.0.1 at 2014-11-19 12:57:14 +0530


Started GET "/css/bootstrap.min.css" for 127.0.0.1 at 2014-11-19 12:57:14 +0530

ActionController::RoutingError (No route matches [GET] "/css/bootstrap.min.css"):
  actionpack (4.1.5) lib/action_dispatch/middleware/debug_exceptions.rb:21:in `call'
  actionpack (4.1.5) lib/action_dispatch/middleware/show_exceptions.rb:30:in `call'
  railties (4.1.5) lib/rails/rack/logger.rb:38:in `call_app'
  railties (4.1.5) lib/rails/rack/logger.rb:20:in `block in call'
  activesupport (4.1.5) lib/active_support/tagged_logging.rb:68:in `block in tagged'
  activesupport (4.1.5) lib/active_support/tagged_logging.rb:26:in `tagged'
  activesupport (4.1.5) lib/active_support/tagged_logging.rb:68:in `tagged'
  railties (4.1.5) lib/rails/rack/logger.rb:20:in `call'
  actionpack (4.1.5) lib/action_dispatch/middleware/request_id.rb:21:in `call'
  rack (1.5.2) lib/rack/methodoverride.rb:21:in `call'
  rack (1.5.2) lib/rack/runtime.rb:17:in `call'
  activesupport (4.1.5) lib/active_support/cache/strategy/local_cache_middleware.rb:26:in `call'
  rack (1.5.2) lib/rack/lock.rb:17:in `call'
  actionpack (4.1.5) lib/action_dispatch/middleware/static.rb:64:in `call'
  rack (1.5.2) lib/rack/sendfile.rb:112:in `call'
  railties (4.1.5) lib/rails/engine.rb:514:in `call'
  railties (4.1.5) lib/rails/application.rb:144:in `call'
  rack (1.5.2) lib/rack/lock.rb:17:in `call'
  rack (1.5.2) lib/rack/content_length.rb:14:in `call'
  rack (1.5.2) lib/rack/handler/webrick.rb:60:in `service'
  /usr/lib/ruby/1.9.1/webrick/httpserver.rb:138:in `service'
  /usr/lib/ruby/1.9.1/webrick/httpserver.rb:94:in `run'
  /usr/lib/ruby/1.9.1/webrick/server.rb:191:in `block in start_thread'


  Rendered /var/lib/gems/1.9.1/gems/actionpack-4.1.5/lib/action_dispatch/middleware/templates/rescues/_trace.html.erb (1.2ms)
  Rendered /var/lib/gems/1.9.1/gems/actionpack-4.1.5/lib/action_dispatch/middleware/templates/routes/_route.html.erb (2.1ms)
  Rendered /var/lib/gems/1.9.1/gems/actionpack-4.1.5/lib/action_dispatch/middleware/templates/routes/_table.html.erb (2.0ms)
  Rendered /var/lib/gems/1.9.1/gems/actionpack-4.1.5/lib/action_dispatch/middleware/templates/rescues/routing_error.html.erb within rescues/layout (31.5ms)


Started GET "/assets/jquery.js?body=1" for 127.0.0.1 at 2014-11-19 12:57:14 +0530


Started GET "/assets/about.js?body=1" for 127.0.0.1 at 2014-11-19 12:57:14 +0530


Started GET "/assets/bootstrap.min.js?body=1" for 127.0.0.1 at 2014-11-19 12:57:14 +0530


Started GET "/assets/bootstrap.js?body=1" for 127.0.0.1 at 2014-11-19 12:57:14 +0530


Started GET "/assets/contact.js?body=1" for 127.0.0.1 at 2014-11-19 12:57:14 +0530


Started GET "/assets/dash.js?body=1" for 127.0.0.1 at 2014-11-19 12:57:14 +0530


Started GET "/assets/js/bootstrap.js?body=1" for 127.0.0.1 at 2014-11-19 12:57:14 +0530


Started GET "/assets/js/bootstrap.min.js?body=1" for 127.0.0.1 at 2014-11-19 12:57:14 +0530


Started GET "/assets/js/jquery.js?body=1" for 127.0.0.1 at 2014-11-19 12:57:14 +0530


Started GET "/assets/landing.js?body=1" for 127.0.0.1 at 2014-11-19 12:57:14 +0530


Started GET "/assets/names.js?body=1" for 127.0.0.1 at 2014-11-19 12:57:14 +0530


Started GET "/assets/application.js?body=1" for 127.0.0.1 at 2014-11-19 12:57:14 +0530


Started GET "/assets/img/bg.jpg" for 127.0.0.1 at 2014-11-19 12:57:14 +0530


Started GET "/names/new" for 127.0.0.1 at 2014-11-19 12:57:29 +0530
Processing by NamesController#new as HTML
  [1m[35mUser Load (0.2ms)[0m  SELECT  "users".* FROM "users"  WHERE "users"."id" = 1  ORDER BY "users"."id" ASC LIMIT 1
  Rendered names/_form.html.erb (6.6ms)
  Rendered names/new.html.erb within layouts/application (8.7ms)
Completed 200 OK in 206ms (Views: 203.0ms | ActiveRecord: 0.5ms)


Started GET "/names/css/bootstrap.min.css" for 127.0.0.1 at 2014-11-19 12:57:29 +0530

ActionController::RoutingError (No route matches [GET] "/names/css/bootstrap.min.css"):
  actionpack (4.1.5) lib/action_dispatch/middleware/debug_exceptions.rb:21:in `call'
  actionpack (4.1.5) lib/action_dispatch/middleware/show_exceptions.rb:30:in `call'
  railties (4.1.5) lib/rails/rack/logger.rb:38:in `call_app'
  railties (4.1.5) lib/rails/rack/logger.rb:20:in `block in call'
  activesupport (4.1.5) lib/active_support/tagged_logging.rb:68:in `block in tagged'
  activesupport (4.1.5) lib/active_support/tagged_logging.rb:26:in `tagged'
  activesupport (4.1.5) lib/active_support/tagged_logging.rb:68:in `tagged'
  railties (4.1.5) lib/rails/rack/logger.rb:20:in `call'
  actionpack (4.1.5) lib/action_dispatch/middleware/request_id.rb:21:in `call'
  rack (1.5.2) lib/rack/methodoverride.rb:21:in `call'
  rack (1.5.2) lib/rack/runtime.rb:17:in `call'
  activesupport (4.1.5) lib/active_support/cache/strategy/local_cache_middleware.rb:26:in `call'
  rack (1.5.2) lib/rack/lock.rb:17:in `call'
  actionpack (4.1.5) lib/action_dispatch/middleware/static.rb:64:in `call'
  rack (1.5.2) lib/rack/sendfile.rb:112:in `call'
  railties (4.1.5) lib/rails/engine.rb:514:in `call'
  railties (4.1.5) lib/rails/application.rb:144:in `call'
  rack (1.5.2) lib/rack/lock.rb:17:in `call'
  rack (1.5.2) lib/rack/content_length.rb:14:in `call'
  rack (1.5.2) lib/rack/handler/webrick.rb:60:in `service'
  /usr/lib/ruby/1.9.1/webrick/httpserver.rb:138:in `service'
  /usr/lib/ruby/1.9.1/webrick/httpserver.rb:94:in `run'
  /usr/lib/ruby/1.9.1/webrick/server.rb:191:in `block in start_thread'


  Rendered /var/lib/gems/1.9.1/gems/actionpack-4.1.5/lib/action_dispatch/middleware/templates/rescues/_trace.html.erb (1.2ms)
  Rendered /var/lib/gems/1.9.1/gems/actionpack-4.1.5/lib/action_dispatch/middleware/templates/routes/_route.html.erb (2.6ms)
  Rendered /var/lib/gems/1.9.1/gems/actionpack-4.1.5/lib/action_dispatch/middleware/templates/routes/_table.html.erb (1.4ms)
  Rendered /var/lib/gems/1.9.1/gems/actionpack-4.1.5/lib/action_dispatch/middleware/templates/rescues/routing_error.html.erb within rescues/layout (31.2ms)


Started GET "/names/css/business-casual.css" for 127.0.0.1 at 2014-11-19 12:57:29 +0530

ActionController::RoutingError (No route matches [GET] "/names/css/business-casual.css"):
  actionpack (4.1.5) lib/action_dispatch/middleware/debug_exceptions.rb:21:in `call'
  actionpack (4.1.5) lib/action_dispatch/middleware/show_exceptions.rb:30:in `call'
  railties (4.1.5) lib/rails/rack/logger.rb:38:in `call_app'
  railties (4.1.5) lib/rails/rack/logger.rb:20:in `block in call'
  activesupport (4.1.5) lib/active_support/tagged_logging.rb:68:in `block in tagged'
  activesupport (4.1.5) lib/active_support/tagged_logging.rb:26:in `tagged'
  activesupport (4.1.5) lib/active_support/tagged_logging.rb:68:in `tagged'
  railties (4.1.5) lib/rails/rack/logger.rb:20:in `call'
  actionpack (4.1.5) lib/action_dispatch/middleware/request_id.rb:21:in `call'
  rack (1.5.2) lib/rack/methodoverride.rb:21:in `call'
  rack (1.5.2) lib/rack/runtime.rb:17:in `call'
  activesupport (4.1.5) lib/active_support/cache/strategy/local_cache_middleware.rb:26:in `call'
  rack (1.5.2) lib/rack/lock.rb:17:in `call'
  actionpack (4.1.5) lib/action_dispatch/middleware/static.rb:64:in `call'
  rack (1.5.2) lib/rack/sendfile.rb:112:in `call'
  railties (4.1.5) lib/rails/engine.rb:514:in `call'
  railties (4.1.5) lib/rails/application.rb:144:in `call'
  rack (1.5.2) lib/rack/lock.rb:17:in `call'
  rack (1.5.2) lib/rack/content_length.rb:14:in `call'
  rack (1.5.2) lib/rack/handler/webrick.rb:60:in `service'
  /usr/lib/ruby/1.9.1/webrick/httpserver.rb:138:in `service'
  /usr/lib/ruby/1.9.1/webrick/httpserver.rb:94:in `run'
  /usr/lib/ruby/1.9.1/webrick/server.rb:191:in `block in start_thread'


  Rendered /var/lib/gems/1.9.1/gems/actionpack-4.1.5/lib/action_dispatch/middleware/templates/rescues/_trace.html.erb (1.1ms)
  Rendered /var/lib/gems/1.9.1/gems/actionpack-4.1.5/lib/action_dispatch/middleware/templates/routes/_route.html.erb (2.4ms)
  Rendered /var/lib/gems/1.9.1/gems/actionpack-4.1.5/lib/action_dispatch/middleware/templates/routes/_table.html.erb (1.3ms)
  Rendered /var/lib/gems/1.9.1/gems/actionpack-4.1.5/lib/action_dispatch/middleware/templates/rescues/routing_error.html.erb within rescues/layout (26.9ms)


Started POST "/names" for 127.0.0.1 at 2014-11-19 12:57:37 +0530
Processing by NamesController#create as HTML
  Parameters: {"utf8"=>"✓", "authenticity_token"=>"dEw5ftCMTCfZX8rMy94IbhZOtcnTgMoJ7B6MIQKF3Rc=", "name"=>{"name"=>"iamsrk"}, "commit"=>"Create Name"}
  [1m[36mUser Load (0.5ms)[0m  [1mSELECT  "users".* FROM "users"  WHERE "users"."id" = 1  ORDER BY "users"."id" ASC LIMIT 1[0m
  [1m[35m (0.1ms)[0m  begin transaction
  [1m[36mSQL (0.2ms)[0m  [1mINSERT INTO "names" ("created_at", "name", "updated_at", "user_id") VALUES (?, ?, ?, ?)[0m  [["created_at", "2014-11-19 07:27:38.023493"], ["name", "iamsrk"], ["updated_at", "2014-11-19 07:27:38.023493"], ["user_id", 1]]
  [1m[35m (607.8ms)[0m  commit transaction
Redirected to http://localhost:3005/dash/view
Completed 302 Found in 615ms (ActiveRecord: 608.6ms)


Started GET "/dash/view" for 127.0.0.1 at 2014-11-19 12:57:38 +0530
Processing by DashController#view as HTML
  [1m[36mUser Load (0.3ms)[0m  [1mSELECT  "users".* FROM "users"  WHERE "users"."id" = 1  ORDER BY "users"."id" ASC LIMIT 1[0m
  [1m[35mUser Load (0.2ms)[0m  SELECT  "users".* FROM "users"  WHERE "users"."id" = ? LIMIT 1  [["id", 1]]
  [1m[36mName Load (0.2ms)[0m  [1mSELECT "names".* FROM "names"  WHERE "names"."user_id" = ?[0m  [["user_id", 1]]
  Rendered dash/view.html.erb within layouts/application (2087.3ms)
Completed 200 OK in 2268ms (Views: 2263.5ms | ActiveRecord: 0.7ms)


Started GET "/assets/about.css?body=1" for 127.0.0.1 at 2014-11-19 12:57:41 +0530


Started GET "/assets/contact.css?body=1" for 127.0.0.1 at 2014-11-19 12:57:41 +0530


Started GET "/assets/css/bootstrap.css?body=1" for 127.0.0.1 at 2014-11-19 12:57:41 +0530


Started GET "/assets/css/bootstrap.min.css?body=1" for 127.0.0.1 at 2014-11-19 12:57:41 +0530


Started GET "/assets/dash.css?body=1" for 127.0.0.1 at 2014-11-19 12:57:41 +0530


Started GET "/assets/css/business-casual.css?body=1" for 127.0.0.1 at 2014-11-19 12:57:41 +0530


Started GET "/assets/landing.css?body=1" for 127.0.0.1 at 2014-11-19 12:57:41 +0530


Started GET "/assets/names.css?body=1" for 127.0.0.1 at 2014-11-19 12:57:41 +0530


Started GET "/assets/scaffolds.css?body=1" for 127.0.0.1 at 2014-11-19 12:57:41 +0530


Started GET "/assets/application.css?body=1" for 127.0.0.1 at 2014-11-19 12:57:41 +0530


Started GET "/assets/about.js?body=1" for 127.0.0.1 at 2014-11-19 12:57:41 +0530


Started GET "/dash/css/bootstrap.min.css" for 127.0.0.1 at 2014-11-19 12:57:41 +0530

ActionController::RoutingError (No route matches [GET] "/dash/css/bootstrap.min.css"):
  actionpack (4.1.5) lib/action_dispatch/middleware/debug_exceptions.rb:21:in `call'
  actionpack (4.1.5) lib/action_dispatch/middleware/show_exceptions.rb:30:in `call'
  railties (4.1.5) lib/rails/rack/logger.rb:38:in `call_app'
  railties (4.1.5) lib/rails/rack/logger.rb:20:in `block in call'
  activesupport (4.1.5) lib/active_support/tagged_logging.rb:68:in `block in tagged'
  activesupport (4.1.5) lib/active_support/tagged_logging.rb:26:in `tagged'
  activesupport (4.1.5) lib/active_support/tagged_logging.rb:68:in `tagged'
  railties (4.1.5) lib/rails/rack/logger.rb:20:in `call'
  actionpack (4.1.5) lib/action_dispatch/middleware/request_id.rb:21:in `call'
  rack (1.5.2) lib/rack/methodoverride.rb:21:in `call'
  rack (1.5.2) lib/rack/runtime.rb:17:in `call'
  activesupport (4.1.5) lib/active_support/cache/strategy/local_cache_middleware.rb:26:in `call'
  rack (1.5.2) lib/rack/lock.rb:17:in `call'
  actionpack (4.1.5) lib/action_dispatch/middleware/static.rb:64:in `call'
  rack (1.5.2) lib/rack/sendfile.rb:112:in `call'
  railties (4.1.5) lib/rails/engine.rb:514:in `call'
  railties (4.1.5) lib/rails/application.rb:144:in `call'
  rack (1.5.2) lib/rack/lock.rb:17:in `call'
  rack (1.5.2) lib/rack/content_length.rb:14:in `call'
  rack (1.5.2) lib/rack/handler/webrick.rb:60:in `service'
  /usr/lib/ruby/1.9.1/webrick/httpserver.rb:138:in `service'
  /usr/lib/ruby/1.9.1/webrick/httpserver.rb:94:in `run'
  /usr/lib/ruby/1.9.1/webrick/server.rb:191:in `block in start_thread'


  Rendered /var/lib/gems/1.9.1/gems/actionpack-4.1.5/lib/action_dispatch/middleware/templates/rescues/_trace.html.erb (1.1ms)
  Rendered /var/lib/gems/1.9.1/gems/actionpack-4.1.5/lib/action_dispatch/middleware/templates/routes/_route.html.erb (2.5ms)
  Rendered /var/lib/gems/1.9.1/gems/actionpack-4.1.5/lib/action_dispatch/middleware/templates/routes/_table.html.erb (1.9ms)
  Rendered /var/lib/gems/1.9.1/gems/actionpack-4.1.5/lib/action_dispatch/middleware/templates/rescues/routing_error.html.erb within rescues/layout (30.6ms)


Started GET "/assets/jquery.js?body=1" for 127.0.0.1 at 2014-11-19 12:57:41 +0530


Started GET "/dash/css/business-casual.css" for 127.0.0.1 at 2014-11-19 12:57:41 +0530

ActionController::RoutingError (No route matches [GET] "/dash/css/business-casual.css"):
  actionpack (4.1.5) lib/action_dispatch/middleware/debug_exceptions.rb:21:in `call'
  actionpack (4.1.5) lib/action_dispatch/middleware/show_exceptions.rb:30:in `call'
  railties (4.1.5) lib/rails/rack/logger.rb:38:in `call_app'
  railties (4.1.5) lib/rails/rack/logger.rb:20:in `block in call'
  activesupport (4.1.5) lib/active_support/tagged_logging.rb:68:in `block in tagged'
  activesupport (4.1.5) lib/active_support/tagged_logging.rb:26:in `tagged'
  activesupport (4.1.5) lib/active_support/tagged_logging.rb:68:in `tagged'
  railties (4.1.5) lib/rails/rack/logger.rb:20:in `call'
  actionpack (4.1.5) lib/action_dispatch/middleware/request_id.rb:21:in `call'
  rack (1.5.2) lib/rack/methodoverride.rb:21:in `call'
  rack (1.5.2) lib/rack/runtime.rb:17:in `call'
  activesupport (4.1.5) lib/active_support/cache/strategy/local_cache_middleware.rb:26:in `call'
  rack (1.5.2) lib/rack/lock.rb:17:in `call'
  actionpack (4.1.5) lib/action_dispatch/middleware/static.rb:64:in `call'
  rack (1.5.2) lib/rack/sendfile.rb:112:in `call'
  railties (4.1.5) lib/rails/engine.rb:514:in `call'
  railties (4.1.5) lib/rails/application.rb:144:in `call'
  rack (1.5.2) lib/rack/lock.rb:17:in `call'
  rack (1.5.2) lib/rack/content_length.rb:14:in `call'
  rack (1.5.2) lib/rack/handler/webrick.rb:60:in `service'
  /usr/lib/ruby/1.9.1/webrick/httpserver.rb:138:in `service'
  /usr/lib/ruby/1.9.1/webrick/httpserver.rb:94:in `run'
  /usr/lib/ruby/1.9.1/webrick/server.rb:191:in `block in start_thread'


  Rendered /var/lib/gems/1.9.1/gems/actionpack-4.1.5/lib/action_dispatch/middleware/templates/rescues/_trace.html.erb (1.9ms)
  Rendered /var/lib/gems/1.9.1/gems/actionpack-4.1.5/lib/action_dispatch/middleware/templates/routes/_route.html.erb (4.7ms)
  Rendered /var/lib/gems/1.9.1/gems/actionpack-4.1.5/lib/action_dispatch/middleware/templates/routes/_table.html.erb (2.3ms)
  Rendered /var/lib/gems/1.9.1/gems/actionpack-4.1.5/lib/action_dispatch/middleware/templates/rescues/routing_error.html.erb within rescues/layout (46.7ms)


Started GET "/assets/bootstrap.js?body=1" for 127.0.0.1 at 2014-11-19 12:57:41 +0530


Started GET "/assets/contact.js?body=1" for 127.0.0.1 at 2014-11-19 12:57:41 +0530


Started GET "/assets/bootstrap.min.js?body=1" for 127.0.0.1 at 2014-11-19 12:57:41 +0530


Started GET "/assets/dash.js?body=1" for 127.0.0.1 at 2014-11-19 12:57:41 +0530


Started GET "/assets/js/bootstrap.js?body=1" for 127.0.0.1 at 2014-11-19 12:57:41 +0530


Started GET "/assets/js/bootstrap.min.js?body=1" for 127.0.0.1 at 2014-11-19 12:57:41 +0530


Started GET "/assets/js/jquery.js?body=1" for 127.0.0.1 at 2014-11-19 12:57:41 +0530


Started GET "/assets/landing.js?body=1" for 127.0.0.1 at 2014-11-19 12:57:41 +0530


Started GET "/assets/application.js?body=1" for 127.0.0.1 at 2014-11-19 12:57:41 +0530


Started GET "/assets/names.js?body=1" for 127.0.0.1 at 2014-11-19 12:57:41 +0530


Started GET "/assets/img/bg.jpg" for 127.0.0.1 at 2014-11-19 12:57:41 +0530


Started GET "/names/new" for 127.0.0.1 at 2014-11-19 12:58:32 +0530
Processing by NamesController#new as HTML
  [1m[35mUser Load (0.2ms)[0m  SELECT  "users".* FROM "users"  WHERE "users"."id" = 1  ORDER BY "users"."id" ASC LIMIT 1
  Rendered names/_form.html.erb (1.4ms)
  Rendered names/new.html.erb within layouts/application (2.7ms)
Completed 200 OK in 162ms (Views: 159.0ms | ActiveRecord: 0.2ms)


Started GET "/names/css/bootstrap.min.css" for 127.0.0.1 at 2014-11-19 12:58:32 +0530

ActionController::RoutingError (No route matches [GET] "/names/css/bootstrap.min.css"):
  actionpack (4.1.5) lib/action_dispatch/middleware/debug_exceptions.rb:21:in `call'
  actionpack (4.1.5) lib/action_dispatch/middleware/show_exceptions.rb:30:in `call'
  railties (4.1.5) lib/rails/rack/logger.rb:38:in `call_app'
  railties (4.1.5) lib/rails/rack/logger.rb:20:in `block in call'
  activesupport (4.1.5) lib/active_support/tagged_logging.rb:68:in `block in tagged'
  activesupport (4.1.5) lib/active_support/tagged_logging.rb:26:in `tagged'
  activesupport (4.1.5) lib/active_support/tagged_logging.rb:68:in `tagged'
  railties (4.1.5) lib/rails/rack/logger.rb:20:in `call'
  actionpack (4.1.5) lib/action_dispatch/middleware/request_id.rb:21:in `call'
  rack (1.5.2) lib/rack/methodoverride.rb:21:in `call'
  rack (1.5.2) lib/rack/runtime.rb:17:in `call'
  activesupport (4.1.5) lib/active_support/cache/strategy/local_cache_middleware.rb:26:in `call'
  rack (1.5.2) lib/rack/lock.rb:17:in `call'
  actionpack (4.1.5) lib/action_dispatch/middleware/static.rb:64:in `call'
  rack (1.5.2) lib/rack/sendfile.rb:112:in `call'
  railties (4.1.5) lib/rails/engine.rb:514:in `call'
  railties (4.1.5) lib/rails/application.rb:144:in `call'
  rack (1.5.2) lib/rack/lock.rb:17:in `call'
  rack (1.5.2) lib/rack/content_length.rb:14:in `call'
  rack (1.5.2) lib/rack/handler/webrick.rb:60:in `service'
  /usr/lib/ruby/1.9.1/webrick/httpserver.rb:138:in `service'
  /usr/lib/ruby/1.9.1/webrick/httpserver.rb:94:in `run'
  /usr/lib/ruby/1.9.1/webrick/server.rb:191:in `block in start_thread'


  Rendered /var/lib/gems/1.9.1/gems/actionpack-4.1.5/lib/action_dispatch/middleware/templates/rescues/_trace.html.erb (1.4ms)
  Rendered /var/lib/gems/1.9.1/gems/actionpack-4.1.5/lib/action_dispatch/middleware/templates/routes/_route.html.erb (3.1ms)
  Rendered /var/lib/gems/1.9.1/gems/actionpack-4.1.5/lib/action_dispatch/middleware/templates/routes/_table.html.erb (1.4ms)
  Rendered /var/lib/gems/1.9.1/gems/actionpack-4.1.5/lib/action_dispatch/middleware/templates/rescues/routing_error.html.erb within rescues/layout (34.1ms)


Started GET "/names/css/business-casual.css" for 127.0.0.1 at 2014-11-19 12:58:32 +0530

ActionController::RoutingError (No route matches [GET] "/names/css/business-casual.css"):
  actionpack (4.1.5) lib/action_dispatch/middleware/debug_exceptions.rb:21:in `call'
  actionpack (4.1.5) lib/action_dispatch/middleware/show_exceptions.rb:30:in `call'
  railties (4.1.5) lib/rails/rack/logger.rb:38:in `call_app'
  railties (4.1.5) lib/rails/rack/logger.rb:20:in `block in call'
  activesupport (4.1.5) lib/active_support/tagged_logging.rb:68:in `block in tagged'
  activesupport (4.1.5) lib/active_support/tagged_logging.rb:26:in `tagged'
  activesupport (4.1.5) lib/active_support/tagged_logging.rb:68:in `tagged'
  railties (4.1.5) lib/rails/rack/logger.rb:20:in `call'
  actionpack (4.1.5) lib/action_dispatch/middleware/request_id.rb:21:in `call'
  rack (1.5.2) lib/rack/methodoverride.rb:21:in `call'
  rack (1.5.2) lib/rack/runtime.rb:17:in `call'
  activesupport (4.1.5) lib/active_support/cache/strategy/local_cache_middleware.rb:26:in `call'
  rack (1.5.2) lib/rack/lock.rb:17:in `call'
  actionpack (4.1.5) lib/action_dispatch/middleware/static.rb:64:in `call'
  rack (1.5.2) lib/rack/sendfile.rb:112:in `call'
  railties (4.1.5) lib/rails/engine.rb:514:in `call'
  railties (4.1.5) lib/rails/application.rb:144:in `call'
  rack (1.5.2) lib/rack/lock.rb:17:in `call'
  rack (1.5.2) lib/rack/content_length.rb:14:in `call'
  rack (1.5.2) lib/rack/handler/webrick.rb:60:in `service'
  /usr/lib/ruby/1.9.1/webrick/httpserver.rb:138:in `service'
  /usr/lib/ruby/1.9.1/webrick/httpserver.rb:94:in `run'
  /usr/lib/ruby/1.9.1/webrick/server.rb:191:in `block in start_thread'


  Rendered /var/lib/gems/1.9.1/gems/actionpack-4.1.5/lib/action_dispatch/middleware/templates/rescues/_trace.html.erb (1.4ms)
  Rendered /var/lib/gems/1.9.1/gems/actionpack-4.1.5/lib/action_dispatch/middleware/templates/routes/_route.html.erb (2.6ms)
  Rendered /var/lib/gems/1.9.1/gems/actionpack-4.1.5/lib/action_dispatch/middleware/templates/routes/_table.html.erb (1.3ms)
  Rendered /var/lib/gems/1.9.1/gems/actionpack-4.1.5/lib/action_dispatch/middleware/templates/rescues/routing_error.html.erb within rescues/layout (26.6ms)


Started POST "/names" for 127.0.0.1 at 2014-11-19 12:58:48 +0530
Processing by NamesController#create as HTML
  Parameters: {"utf8"=>"✓", "authenticity_token"=>"dEw5ftCMTCfZX8rMy94IbhZOtcnTgMoJ7B6MIQKF3Rc=", "name"=>{"name"=>"palambar"}, "commit"=>"Create Name"}
  [1m[36mUser Load (0.3ms)[0m  [1mSELECT  "users".* FROM "users"  WHERE "users"."id" = 1  ORDER BY "users"."id" ASC LIMIT 1[0m
  [1m[35m (0.2ms)[0m  begin transaction
  [1m[36mSQL (0.2ms)[0m  [1mINSERT INTO "names" ("created_at", "name", "updated_at", "user_id") VALUES (?, ?, ?, ?)[0m  [["created_at", "2014-11-19 07:28:48.218459"], ["name", "palambar"], ["updated_at", "2014-11-19 07:28:48.218459"], ["user_id", 1]]
  [1m[35m (153.2ms)[0m  commit transaction
Redirected to http://localhost:3005/dash/view
Completed 302 Found in 160ms (ActiveRecord: 153.9ms)


Started GET "/dash/view" for 127.0.0.1 at 2014-11-19 12:58:48 +0530
Processing by DashController#view as HTML
  [1m[36mUser Load (0.3ms)[0m  [1mSELECT  "users".* FROM "users"  WHERE "users"."id" = 1  ORDER BY "users"."id" ASC LIMIT 1[0m
  [1m[35mUser Load (0.1ms)[0m  SELECT  "users".* FROM "users"  WHERE "users"."id" = ? LIMIT 1  [["id", 1]]
  [1m[36mName Load (0.2ms)[0m  [1mSELECT "names".* FROM "names"  WHERE "names"."user_id" = ?[0m  [["user_id", 1]]
  Rendered dash/view.html.erb within layouts/application (2797.6ms)
Completed 200 OK in 2977ms (Views: 2974.1ms | ActiveRecord: 0.6ms)


Started GET "/assets/about.css?body=1" for 127.0.0.1 at 2014-11-19 12:58:51 +0530


Started GET "/assets/contact.css?body=1" for 127.0.0.1 at 2014-11-19 12:58:51 +0530


Started GET "/assets/css/business-casual.css?body=1" for 127.0.0.1 at 2014-11-19 12:58:51 +0530


Started GET "/assets/css/bootstrap.min.css?body=1" for 127.0.0.1 at 2014-11-19 12:58:51 +0530


Started GET "/assets/css/bootstrap.css?body=1" for 127.0.0.1 at 2014-11-19 12:58:51 +0530


Started GET "/assets/dash.css?body=1" for 127.0.0.1 at 2014-11-19 12:58:51 +0530


Started GET "/assets/names.css?body=1" for 127.0.0.1 at 2014-11-19 12:58:51 +0530


Started GET "/assets/scaffolds.css?body=1" for 127.0.0.1 at 2014-11-19 12:58:51 +0530


Started GET "/assets/application.css?body=1" for 127.0.0.1 at 2014-11-19 12:58:51 +0530


Started GET "/assets/landing.css?body=1" for 127.0.0.1 at 2014-11-19 12:58:51 +0530


Started GET "/dash/css/business-casual.css" for 127.0.0.1 at 2014-11-19 12:58:51 +0530

ActionController::RoutingError (No route matches [GET] "/dash/css/business-casual.css"):
  actionpack (4.1.5) lib/action_dispatch/middleware/debug_exceptions.rb:21:in `call'
  actionpack (4.1.5) lib/action_dispatch/middleware/show_exceptions.rb:30:in `call'
  railties (4.1.5) lib/rails/rack/logger.rb:38:in `call_app'
  railties (4.1.5) lib/rails/rack/logger.rb:20:in `block in call'
  activesupport (4.1.5) lib/active_support/tagged_logging.rb:68:in `block in tagged'
  activesupport (4.1.5) lib/active_support/tagged_logging.rb:26:in `tagged'
  activesupport (4.1.5) lib/active_support/tagged_logging.rb:68:in `tagged'
  railties (4.1.5) lib/rails/rack/logger.rb:20:in `call'
  actionpack (4.1.5) lib/action_dispatch/middleware/request_id.rb:21:in `call'
  rack (1.5.2) lib/rack/methodoverride.rb:21:in `call'
  rack (1.5.2) lib/rack/runtime.rb:17:in `call'
  activesupport (4.1.5) lib/active_support/cache/strategy/local_cache_middleware.rb:26:in `call'
  rack (1.5.2) lib/rack/lock.rb:17:in `call'
  actionpack (4.1.5) lib/action_dispatch/middleware/static.rb:64:in `call'
  rack (1.5.2) lib/rack/sendfile.rb:112:in `call'
  railties (4.1.5) lib/rails/engine.rb:514:in `call'
  railties (4.1.5) lib/rails/application.rb:144:in `call'
  rack (1.5.2) lib/rack/lock.rb:17:in `call'
  rack (1.5.2) lib/rack/content_length.rb:14:in `call'
  rack (1.5.2) lib/rack/handler/webrick.rb:60:in `service'
  /usr/lib/ruby/1.9.1/webrick/httpserver.rb:138:in `service'
  /usr/lib/ruby/1.9.1/webrick/httpserver.rb:94:in `run'
  /usr/lib/ruby/1.9.1/webrick/server.rb:191:in `block in start_thread'


  Rendered /var/lib/gems/1.9.1/gems/actionpack-4.1.5/lib/action_dispatch/middleware/templates/rescues/_trace.html.erb (1.6ms)
  Rendered /var/lib/gems/1.9.1/gems/actionpack-4.1.5/lib/action_dispatch/middleware/templates/routes/_route.html.erb (2.5ms)
  Rendered /var/lib/gems/1.9.1/gems/actionpack-4.1.5/lib/action_dispatch/middleware/templates/routes/_table.html.erb (1.8ms)
  Rendered /var/lib/gems/1.9.1/gems/actionpack-4.1.5/lib/action_dispatch/middleware/templates/rescues/routing_error.html.erb within rescues/layout (28.2ms)


Started GET "/dash/css/bootstrap.min.css" for 127.0.0.1 at 2014-11-19 12:58:51 +0530

ActionController::RoutingError (No route matches [GET] "/dash/css/bootstrap.min.css"):
  actionpack (4.1.5) lib/action_dispatch/middleware/debug_exceptions.rb:21:in `call'
  actionpack (4.1.5) lib/action_dispatch/middleware/show_exceptions.rb:30:in `call'
  railties (4.1.5) lib/rails/rack/logger.rb:38:in `call_app'
  railties (4.1.5) lib/rails/rack/logger.rb:20:in `block in call'
  activesupport (4.1.5) lib/active_support/tagged_logging.rb:68:in `block in tagged'
  activesupport (4.1.5) lib/active_support/tagged_logging.rb:26:in `tagged'
  activesupport (4.1.5) lib/active_support/tagged_logging.rb:68:in `tagged'
  railties (4.1.5) lib/rails/rack/logger.rb:20:in `call'
  actionpack (4.1.5) lib/action_dispatch/middleware/request_id.rb:21:in `call'
  rack (1.5.2) lib/rack/methodoverride.rb:21:in `call'
  rack (1.5.2) lib/rack/runtime.rb:17:in `call'
  activesupport (4.1.5) lib/active_support/cache/strategy/local_cache_middleware.rb:26:in `call'
  rack (1.5.2) lib/rack/lock.rb:17:in `call'
  actionpack (4.1.5) lib/action_dispatch/middleware/static.rb:64:in `call'
  rack (1.5.2) lib/rack/sendfile.rb:112:in `call'
  railties (4.1.5) lib/rails/engine.rb:514:in `call'
  railties (4.1.5) lib/rails/application.rb:144:in `call'
  rack (1.5.2) lib/rack/lock.rb:17:in `call'
  rack (1.5.2) lib/rack/content_length.rb:14:in `call'
  rack (1.5.2) lib/rack/handler/webrick.rb:60:in `service'
  /usr/lib/ruby/1.9.1/webrick/httpserver.rb:138:in `service'
  /usr/lib/ruby/1.9.1/webrick/httpserver.rb:94:in `run'
  /usr/lib/ruby/1.9.1/webrick/server.rb:191:in `block in start_thread'


  Rendered /var/lib/gems/1.9.1/gems/actionpack-4.1.5/lib/action_dispatch/middleware/templates/rescues/_trace.html.erb (1.7ms)
  Rendered /var/lib/gems/1.9.1/gems/actionpack-4.1.5/lib/action_dispatch/middleware/templates/routes/_route.html.erb (2.4ms)
  Rendered /var/lib/gems/1.9.1/gems/actionpack-4.1.5/lib/action_dispatch/middleware/templates/routes/_table.html.erb (2.0ms)
  Rendered /var/lib/gems/1.9.1/gems/actionpack-4.1.5/lib/action_dispatch/middleware/templates/rescues/routing_error.html.erb within rescues/layout (28.8ms)


Started GET "/assets/jquery.js?body=1" for 127.0.0.1 at 2014-11-19 12:58:51 +0530


Started GET "/assets/bootstrap.min.js?body=1" for 127.0.0.1 at 2014-11-19 12:58:51 +0530


Started GET "/assets/bootstrap.js?body=1" for 127.0.0.1 at 2014-11-19 12:58:51 +0530


Started GET "/assets/about.js?body=1" for 127.0.0.1 at 2014-11-19 12:58:51 +0530


Started GET "/assets/contact.js?body=1" for 127.0.0.1 at 2014-11-19 12:58:51 +0530


Started GET "/assets/dash.js?body=1" for 127.0.0.1 at 2014-11-19 12:58:51 +0530


Started GET "/assets/js/bootstrap.js?body=1" for 127.0.0.1 at 2014-11-19 12:58:51 +0530


Started GET "/assets/js/bootstrap.min.js?body=1" for 127.0.0.1 at 2014-11-19 12:58:51 +0530


Started GET "/assets/js/jquery.js?body=1" for 127.0.0.1 at 2014-11-19 12:58:51 +0530


Started GET "/assets/landing.js?body=1" for 127.0.0.1 at 2014-11-19 12:58:51 +0530


Started GET "/assets/names.js?body=1" for 127.0.0.1 at 2014-11-19 12:58:51 +0530


Started GET "/assets/application.js?body=1" for 127.0.0.1 at 2014-11-19 12:58:51 +0530


Started GET "/assets/img/bg.jpg" for 127.0.0.1 at 2014-11-19 12:58:52 +0530


Started GET "/dash/view" for 127.0.0.1 at 2014-11-19 12:59:16 +0530
Processing by DashController#view as HTML
  [1m[35mUser Load (0.3ms)[0m  SELECT  "users".* FROM "users"  WHERE "users"."id" = 1  ORDER BY "users"."id" ASC LIMIT 1
  [1m[36mUser Load (0.1ms)[0m  [1mSELECT  "users".* FROM "users"  WHERE "users"."id" = ? LIMIT 1[0m  [["id", 1]]
  [1m[35mName Load (0.1ms)[0m  SELECT "names".* FROM "names"  WHERE "names"."user_id" = ?  [["user_id", 1]]
  Rendered dash/view.html.erb within layouts/application (4503.5ms)
Completed 200 OK in 4725ms (Views: 4720.8ms | ActiveRecord: 0.5ms)


Started GET "/assets/about.css?body=1" for 127.0.0.1 at 2014-11-19 12:59:21 +0530


Started GET "/assets/css/bootstrap.css?body=1" for 127.0.0.1 at 2014-11-19 12:59:21 +0530


Started GET "/assets/contact.css?body=1" for 127.0.0.1 at 2014-11-19 12:59:21 +0530


Started GET "/assets/css/business-casual.css?body=1" for 127.0.0.1 at 2014-11-19 12:59:21 +0530


Started GET "/assets/css/bootstrap.min.css?body=1" for 127.0.0.1 at 2014-11-19 12:59:21 +0530


Started GET "/assets/dash.css?body=1" for 127.0.0.1 at 2014-11-19 12:59:21 +0530


Started GET "/assets/landing.css?body=1" for 127.0.0.1 at 2014-11-19 12:59:21 +0530


Started GET "/assets/names.css?body=1" for 127.0.0.1 at 2014-11-19 12:59:21 +0530


Started GET "/assets/scaffolds.css?body=1" for 127.0.0.1 at 2014-11-19 12:59:21 +0530


Started GET "/assets/application.css?body=1" for 127.0.0.1 at 2014-11-19 12:59:21 +0530


Started GET "/dash/css/bootstrap.min.css" for 127.0.0.1 at 2014-11-19 12:59:21 +0530

ActionController::RoutingError (No route matches [GET] "/dash/css/bootstrap.min.css"):
  actionpack (4.1.5) lib/action_dispatch/middleware/debug_exceptions.rb:21:in `call'
  actionpack (4.1.5) lib/action_dispatch/middleware/show_exceptions.rb:30:in `call'
  railties (4.1.5) lib/rails/rack/logger.rb:38:in `call_app'
  railties (4.1.5) lib/rails/rack/logger.rb:20:in `block in call'
  activesupport (4.1.5) lib/active_support/tagged_logging.rb:68:in `block in tagged'
  activesupport (4.1.5) lib/active_support/tagged_logging.rb:26:in `tagged'
  activesupport (4.1.5) lib/active_support/tagged_logging.rb:68:in `tagged'
  railties (4.1.5) lib/rails/rack/logger.rb:20:in `call'
  actionpack (4.1.5) lib/action_dispatch/middleware/request_id.rb:21:in `call'
  rack (1.5.2) lib/rack/methodoverride.rb:21:in `call'
  rack (1.5.2) lib/rack/runtime.rb:17:in `call'
  activesupport (4.1.5) lib/active_support/cache/strategy/local_cache_middleware.rb:26:in `call'
  rack (1.5.2) lib/rack/lock.rb:17:in `call'
  actionpack (4.1.5) lib/action_dispatch/middleware/static.rb:64:in `call'
  rack (1.5.2) lib/rack/sendfile.rb:112:in `call'
  railties (4.1.5) lib/rails/engine.rb:514:in `call'
  railties (4.1.5) lib/rails/application.rb:144:in `call'
  rack (1.5.2) lib/rack/lock.rb:17:in `call'
  rack (1.5.2) lib/rack/content_length.rb:14:in `call'
  rack (1.5.2) lib/rack/handler/webrick.rb:60:in `service'
  /usr/lib/ruby/1.9.1/webrick/httpserver.rb:138:in `service'
  /usr/lib/ruby/1.9.1/webrick/httpserver.rb:94:in `run'
  /usr/lib/ruby/1.9.1/webrick/server.rb:191:in `block in start_thread'


  Rendered /var/lib/gems/1.9.1/gems/actionpack-4.1.5/lib/action_dispatch/middleware/templates/rescues/_trace.html.erb (1.8ms)
  Rendered /var/lib/gems/1.9.1/gems/actionpack-4.1.5/lib/action_dispatch/middleware/templates/routes/_route.html.erb (2.5ms)
  Rendered /var/lib/gems/1.9.1/gems/actionpack-4.1.5/lib/action_dispatch/middleware/templates/routes/_table.html.erb (1.4ms)
  Rendered /var/lib/gems/1.9.1/gems/actionpack-4.1.5/lib/action_dispatch/middleware/templates/rescues/routing_error.html.erb within rescues/layout (30.0ms)


Started GET "/assets/jquery.js?body=1" for 127.0.0.1 at 2014-11-19 12:59:21 +0530


Started GET "/dash/css/business-casual.css" for 127.0.0.1 at 2014-11-19 12:59:21 +0530

ActionController::RoutingError (No route matches [GET] "/dash/css/business-casual.css"):
  actionpack (4.1.5) lib/action_dispatch/middleware/debug_exceptions.rb:21:in `call'
  actionpack (4.1.5) lib/action_dispatch/middleware/show_exceptions.rb:30:in `call'
  railties (4.1.5) lib/rails/rack/logger.rb:38:in `call_app'
  railties (4.1.5) lib/rails/rack/logger.rb:20:in `block in call'
  activesupport (4.1.5) lib/active_support/tagged_logging.rb:68:in `block in tagged'
  activesupport (4.1.5) lib/active_support/tagged_logging.rb:26:in `tagged'
  activesupport (4.1.5) lib/active_support/tagged_logging.rb:68:in `tagged'
  railties (4.1.5) lib/rails/rack/logger.rb:20:in `call'
  actionpack (4.1.5) lib/action_dispatch/middleware/request_id.rb:21:in `call'
  rack (1.5.2) lib/rack/methodoverride.rb:21:in `call'
  rack (1.5.2) lib/rack/runtime.rb:17:in `call'
  activesupport (4.1.5) lib/active_support/cache/strategy/local_cache_middleware.rb:26:in `call'
  rack (1.5.2) lib/rack/lock.rb:17:in `call'
  actionpack (4.1.5) lib/action_dispatch/middleware/static.rb:64:in `call'
  rack (1.5.2) lib/rack/sendfile.rb:112:in `call'
  railties (4.1.5) lib/rails/engine.rb:514:in `call'
  railties (4.1.5) lib/rails/application.rb:144:in `call'
  rack (1.5.2) lib/rack/lock.rb:17:in `call'
  rack (1.5.2) lib/rack/content_length.rb:14:in `call'
  rack (1.5.2) lib/rack/handler/webrick.rb:60:in `service'
  /usr/lib/ruby/1.9.1/webrick/httpserver.rb:138:in `service'
  /usr/lib/ruby/1.9.1/webrick/httpserver.rb:94:in `run'
  /usr/lib/ruby/1.9.1/webrick/server.rb:191:in `block in start_thread'


  Rendered /var/lib/gems/1.9.1/gems/actionpack-4.1.5/lib/action_dispatch/middleware/templates/rescues/_trace.html.erb (1.3ms)
  Rendered /var/lib/gems/1.9.1/gems/actionpack-4.1.5/lib/action_dispatch/middleware/templates/routes/_route.html.erb (4.1ms)
  Rendered /var/lib/gems/1.9.1/gems/actionpack-4.1.5/lib/action_dispatch/middleware/templates/routes/_table.html.erb (2.0ms)
  Rendered /var/lib/gems/1.9.1/gems/actionpack-4.1.5/lib/action_dispatch/middleware/templates/rescues/routing_error.html.erb within rescues/layout (31.9ms)


Started GET "/assets/about.js?body=1" for 127.0.0.1 at 2014-11-19 12:59:21 +0530


Started GET "/assets/bootstrap.js?body=1" for 127.0.0.1 at 2014-11-19 12:59:21 +0530


Started GET "/assets/bootstrap.min.js?body=1" for 127.0.0.1 at 2014-11-19 12:59:21 +0530


Started GET "/assets/contact.js?body=1" for 127.0.0.1 at 2014-11-19 12:59:21 +0530


Started GET "/assets/dash.js?body=1" for 127.0.0.1 at 2014-11-19 12:59:21 +0530


Started GET "/assets/js/bootstrap.min.js?body=1" for 127.0.0.1 at 2014-11-19 12:59:21 +0530


Started GET "/assets/js/bootstrap.js?body=1" for 127.0.0.1 at 2014-11-19 12:59:21 +0530


Started GET "/assets/js/jquery.js?body=1" for 127.0.0.1 at 2014-11-19 12:59:21 +0530


Started GET "/assets/names.js?body=1" for 127.0.0.1 at 2014-11-19 12:59:21 +0530


Started GET "/assets/landing.js?body=1" for 127.0.0.1 at 2014-11-19 12:59:21 +0530


Started GET "/assets/application.js?body=1" for 127.0.0.1 at 2014-11-19 12:59:21 +0530


Started GET "/assets/img/bg.jpg" for 127.0.0.1 at 2014-11-19 12:59:21 +0530
